[11.128s] Invoking command in '/home/qadeem/control/ros2_ws/src/rfbl_controller': PYTHONPATH=/home/qadeem/control/ros2_ws/src/build/rfbl_controller/prefix_override:/usr/lib/python3/dist-packages/colcon_core/task/python/colcon_distutils_commands:/home/qadeem/control/ros2_ws/src/install/rfbl_controller/lib/python3.10/site-packages:${PYTHONPATH} /usr/bin/python3 -W ignore:setup.py install is deprecated -W ignore:easy_install command is deprecated setup.py egg_info --egg-base ../build/rfbl_controller build --build-base /home/qadeem/control/ros2_ws/src/build/rfbl_controller/build install --record /home/qadeem/control/ros2_ws/src/build/rfbl_controller/install.log --single-version-externally-managed install_data
[15.540s] running egg_info
[15.930s] writing ../build/rfbl_controller/rfbl_controller.egg-info/PKG-INFO
[15.936s] writing dependency_links to ../build/rfbl_controller/rfbl_controller.egg-info/dependency_links.txt
[15.937s] writing entry points to ../build/rfbl_controller/rfbl_controller.egg-info/entry_points.txt
[15.938s] writing requirements to ../build/rfbl_controller/rfbl_controller.egg-info/requires.txt
[15.938s] writing top-level names to ../build/rfbl_controller/rfbl_controller.egg-info/top_level.txt
[16.674s] reading manifest file '../build/rfbl_controller/rfbl_controller.egg-info/SOURCES.txt'
[16.691s] writing manifest file '../build/rfbl_controller/rfbl_controller.egg-info/SOURCES.txt'
[16.691s] running build
[16.692s] running build_py
[16.698s] copying rfbl_controller/xy_position_controller.py -> /home/qadeem/control/ros2_ws/src/build/rfbl_controller/build/lib/rfbl_controller
[16.702s] copying rfbl_controller/rfbl_offboard_node.py -> /home/qadeem/control/ros2_ws/src/build/rfbl_controller/build/lib/rfbl_controller
[16.706s] copying rfbl_controller/disturbance_observer.py -> /home/qadeem/control/ros2_ws/src/build/rfbl_controller/build/lib/rfbl_controller
[16.710s] copying rfbl_controller/rfbl_controller.py -> /home/qadeem/control/ros2_ws/src/build/rfbl_controller/build/lib/rfbl_controller
[16.711s] copying rfbl_controller/params_refs.py -> /home/qadeem/control/ros2_ws/src/build/rfbl_controller/build/lib/rfbl_controller
[16.711s] copying rfbl_controller/px4_rviz_bridge.py -> /home/qadeem/control/ros2_ws/src/build/rfbl_controller/build/lib/rfbl_controller
[16.712s] copying rfbl_controller/__init__.py -> /home/qadeem/control/ros2_ws/src/build/rfbl_controller/build/lib/rfbl_controller
[16.712s] copying rfbl_controller/xy_disturbance_observer.py -> /home/qadeem/control/ros2_ws/src/build/rfbl_controller/build/lib/rfbl_controller
[16.725s] running install
[16.750s] running install_lib
[17.111s] copying /home/qadeem/control/ros2_ws/src/build/rfbl_controller/build/lib/rfbl_controller/rfbl_offboard_node.py -> /home/qadeem/control/ros2_ws/src/install/rfbl_controller/lib/python3.10/site-packages/rfbl_controller
[17.122s] byte-compiling /home/qadeem/control/ros2_ws/src/install/rfbl_controller/lib/python3.10/site-packages/rfbl_controller/rfbl_offboard_node.py to rfbl_offboard_node.cpython-310.pyc
[17.150s] running install_data
[17.151s] copying resource/rfbl_controller -> /home/qadeem/control/ros2_ws/src/install/rfbl_controller/share/ament_index/resource_index/packages
[17.152s] copying package.xml -> /home/qadeem/control/ros2_ws/src/install/rfbl_controller/share/rfbl_controller
[17.152s] running install_egg_info
[17.547s] removing '/home/qadeem/control/ros2_ws/src/install/rfbl_controller/lib/python3.10/site-packages/rfbl_controller-0.0.0-py3.10.egg-info' (and everything under it)
[17.548s] Copying ../build/rfbl_controller/rfbl_controller.egg-info to /home/qadeem/control/ros2_ws/src/install/rfbl_controller/lib/python3.10/site-packages/rfbl_controller-0.0.0-py3.10.egg-info
[17.558s] running install_scripts
[20.024s] Installing rfbl_offboard_node script to /home/qadeem/control/ros2_ws/src/install/rfbl_controller/lib/rfbl_controller
[20.030s] writing list of installed files to '/home/qadeem/control/ros2_ws/src/build/rfbl_controller/install.log'
[20.293s] Invoked command in '/home/qadeem/control/ros2_ws/src/rfbl_controller' returned '0': PYTHONPATH=/home/qadeem/control/ros2_ws/src/build/rfbl_controller/prefix_override:/usr/lib/python3/dist-packages/colcon_core/task/python/colcon_distutils_commands:/home/qadeem/control/ros2_ws/src/install/rfbl_controller/lib/python3.10/site-packages:${PYTHONPATH} /usr/bin/python3 -W ignore:setup.py install is deprecated -W ignore:easy_install command is deprecated setup.py egg_info --egg-base ../build/rfbl_controller build --build-base /home/qadeem/control/ros2_ws/src/build/rfbl_controller/build install --record /home/qadeem/control/ros2_ws/src/build/rfbl_controller/install.log --single-version-externally-managed install_data
