[1.545s] DEBUG:colcon:Command line arguments: ['/usr/bin/colcon', 'build', '--packages-select', 'rfbl_controller']
[1.546s] DEBUG:colcon:Parsed command line arguments: Namespace(log_base=None, log_level=None, verb_name='build', build_base='build', install_base='install', merge_install=False, symlink_install=False, test_result_base=None, continue_on_error=False, executor='parallel', parallel_workers=4, event_handlers=None, ignore_user_meta=False, metas=['./colcon.meta'], base_paths=['.'], packages_ignore=None, packages_ignore_regex=None, paths=None, packages_up_to=None, packages_up_to_regex=None, packages_above=None, packages_above_and_dependencies=None, packages_above_depth=None, packages_select_by_dep=None, packages_skip_by_dep=None, packages_skip_up_to=None, packages_select_build_failed=False, packages_skip_build_finished=False, packages_select_test_failures=False, packages_skip_test_passed=False, packages_select=['rfbl_controller'], packages_skip=None, packages_select_regex=None, packages_skip_regex=None, packages_start=None, packages_end=None, allow_overriding=[], cmake_args=None, cmake_target=None, cmake_target_skip_unavailable=False, cmake_clean_cache=False, cmake_clean_first=False, cmake_force_configure=False, ament_cmake_args=None, catkin_cmake_args=None, catkin_skip_building_tests=False, mixin_files=None, mixin=None, verb_parser=<colcon_mixin.mixin.mixin_argument.MixinArgumentDecorator object at 0x7a1dcdcb50f0>, verb_extension=<colcon_core.verb.build.BuildVerb object at 0x7a1dcdd26ce0>, main=<bound method BuildVerb.main of <colcon_core.verb.build.BuildVerb object at 0x7a1dcdd26ce0>>, mixin_verb=('build',))
[1.952s] Level 1:colcon.colcon_core.package_discovery:discover_packages(colcon_meta) check parameters
[1.953s] Level 1:colcon.colcon_core.package_discovery:discover_packages(recursive) check parameters
[1.954s] Level 1:colcon.colcon_core.package_discovery:discover_packages(ignore) check parameters
[1.955s] Level 1:colcon.colcon_core.package_discovery:discover_packages(path) check parameters
[1.956s] Level 1:colcon.colcon_core.package_discovery:discover_packages(colcon_meta) discover
[1.957s] Level 1:colcon.colcon_core.package_discovery:discover_packages(recursive) discover
[1.959s] INFO:colcon.colcon_core.package_discovery:Crawling recursively for packages in '/home/qadeem/control/ros2_ws'
[1.961s] Level 1:colcon.colcon_core.package_identification:_identify(.) by extensions ['ignore', 'ignore_ament_install']
[1.962s] Level 1:colcon.colcon_core.package_identification:_identify(.) by extension 'ignore'
[1.963s] Level 1:colcon.colcon_core.package_identification:_identify(.) by extension 'ignore_ament_install'
[1.964s] Level 1:colcon.colcon_core.package_identification:_identify(.) by extensions ['colcon_pkg']
[1.965s] Level 1:colcon.colcon_core.package_identification:_identify(.) by extension 'colcon_pkg'
[1.965s] Level 1:colcon.colcon_core.package_identification:_identify(.) by extensions ['colcon_meta']
[1.966s] Level 1:colcon.colcon_core.package_identification:_identify(.) by extension 'colcon_meta'
[1.967s] Level 1:colcon.colcon_core.package_identification:_identify(.) by extensions ['ros']
[1.967s] Level 1:colcon.colcon_core.package_identification:_identify(.) by extension 'ros'
[2.094s] Level 1:colcon.colcon_core.package_identification:_identify(.) by extensions ['cmake', 'python']
[2.095s] Level 1:colcon.colcon_core.package_identification:_identify(.) by extension 'cmake'
[2.095s] Level 1:colcon.colcon_core.package_identification:_identify(.) by extension 'python'
[2.096s] Level 1:colcon.colcon_core.package_identification:_identify(.) by extensions ['python_setup_py']
[2.097s] Level 1:colcon.colcon_core.package_identification:_identify(.) by extension 'python_setup_py'
[2.098s] Level 1:colcon.colcon_core.package_identification:_identify(build) by extensions ['ignore', 'ignore_ament_install']
[2.098s] Level 1:colcon.colcon_core.package_identification:_identify(build) by extension 'ignore'
[2.098s] Level 1:colcon.colcon_core.package_identification:_identify(build) ignored
[2.099s] Level 1:colcon.colcon_core.package_identification:_identify(install) by extensions ['ignore', 'ignore_ament_install']
[2.099s] Level 1:colcon.colcon_core.package_identification:_identify(install) by extension 'ignore'
[2.099s] Level 1:colcon.colcon_core.package_identification:_identify(install) ignored
[2.099s] Level 1:colcon.colcon_core.package_identification:_identify(log) by extensions ['ignore', 'ignore_ament_install']
[2.100s] Level 1:colcon.colcon_core.package_identification:_identify(log) by extension 'ignore'
[2.100s] Level 1:colcon.colcon_core.package_identification:_identify(log) ignored
[2.100s] Level 1:colcon.colcon_core.package_identification:_identify(src) by extensions ['ignore', 'ignore_ament_install']
[2.100s] Level 1:colcon.colcon_core.package_identification:_identify(src) by extension 'ignore'
[2.101s] Level 1:colcon.colcon_core.package_identification:_identify(src) by extension 'ignore_ament_install'
[2.101s] Level 1:colcon.colcon_core.package_identification:_identify(src) by extensions ['colcon_pkg']
[2.101s] Level 1:colcon.colcon_core.package_identification:_identify(src) by extension 'colcon_pkg'
[2.101s] Level 1:colcon.colcon_core.package_identification:_identify(src) by extensions ['colcon_meta']
[2.101s] Level 1:colcon.colcon_core.package_identification:_identify(src) by extension 'colcon_meta'
[2.101s] Level 1:colcon.colcon_core.package_identification:_identify(src) by extensions ['ros']
[2.101s] Level 1:colcon.colcon_core.package_identification:_identify(src) by extension 'ros'
[2.102s] Level 1:colcon.colcon_core.package_identification:_identify(src) by extensions ['cmake', 'python']
[2.102s] Level 1:colcon.colcon_core.package_identification:_identify(src) by extension 'cmake'
[2.104s] Level 1:colcon.colcon_core.package_identification:_identify(src) by extension 'python'
[2.105s] Level 1:colcon.colcon_core.package_identification:_identify(src) by extensions ['python_setup_py']
[2.106s] Level 1:colcon.colcon_core.package_identification:_identify(src) by extension 'python_setup_py'
[2.109s] Level 1:colcon.colcon_core.package_identification:_identify(src/rfbl_controller) by extensions ['ignore', 'ignore_ament_install']
[2.110s] Level 1:colcon.colcon_core.package_identification:_identify(src/rfbl_controller) by extension 'ignore'
[2.111s] Level 1:colcon.colcon_core.package_identification:_identify(src/rfbl_controller) by extension 'ignore_ament_install'
[2.112s] Level 1:colcon.colcon_core.package_identification:_identify(src/rfbl_controller) by extensions ['colcon_pkg']
[2.112s] Level 1:colcon.colcon_core.package_identification:_identify(src/rfbl_controller) by extension 'colcon_pkg'
[2.113s] Level 1:colcon.colcon_core.package_identification:_identify(src/rfbl_controller) by extensions ['colcon_meta']
[2.114s] Level 1:colcon.colcon_core.package_identification:_identify(src/rfbl_controller) by extension 'colcon_meta'
[2.114s] Level 1:colcon.colcon_core.package_identification:_identify(src/rfbl_controller) by extensions ['ros']
[2.115s] Level 1:colcon.colcon_core.package_identification:_identify(src/rfbl_controller) by extension 'ros'
[2.134s] DEBUG:colcon.colcon_core.package_identification:Package 'src/rfbl_controller' with type 'ros.ament_python' and name 'rfbl_controller'
[2.135s] Level 1:colcon.colcon_core.package_discovery:discover_packages(recursive) using defaults
[2.135s] Level 1:colcon.colcon_core.package_discovery:discover_packages(ignore) discover
[2.135s] Level 1:colcon.colcon_core.package_discovery:discover_packages(ignore) using defaults
[2.136s] Level 1:colcon.colcon_core.package_discovery:discover_packages(path) discover
[2.137s] Level 1:colcon.colcon_core.package_discovery:discover_packages(path) using defaults
[2.289s] Level 1:colcon.colcon_core.package_discovery:discover_packages(prefix_path) check parameters
[2.289s] Level 1:colcon.colcon_core.package_discovery:discover_packages(prefix_path) discover
[2.307s] DEBUG:colcon.colcon_installed_package_information.package_discovery:Found 1 installed packages in /home/qadeem/control/ros2_ws/install
[2.310s] DEBUG:colcon.colcon_installed_package_information.package_discovery:Found 1 installed packages in /home/qadeem/drone_ws/install
[2.312s] DEBUG:colcon.colcon_installed_package_information.package_discovery:Found 1 installed packages in /home/qadeem/turtlebot3_ws/install
[2.318s] DEBUG:colcon.colcon_installed_package_information.package_discovery:Found 375 installed packages in /opt/ros/humble
[2.333s] Level 1:colcon.colcon_core.package_discovery:discover_packages(prefix_path) using defaults
[2.763s] Level 5:colcon.colcon_core.verb:set package 'rfbl_controller' build argument 'cmake_args' from command line to 'None'
[2.763s] Level 5:colcon.colcon_core.verb:set package 'rfbl_controller' build argument 'cmake_target' from command line to 'None'
[2.763s] Level 5:colcon.colcon_core.verb:set package 'rfbl_controller' build argument 'cmake_target_skip_unavailable' from command line to 'False'
[2.764s] Level 5:colcon.colcon_core.verb:set package 'rfbl_controller' build argument 'cmake_clean_cache' from command line to 'False'
[2.764s] Level 5:colcon.colcon_core.verb:set package 'rfbl_controller' build argument 'cmake_clean_first' from command line to 'False'
[2.764s] Level 5:colcon.colcon_core.verb:set package 'rfbl_controller' build argument 'cmake_force_configure' from command line to 'False'
[2.764s] Level 5:colcon.colcon_core.verb:set package 'rfbl_controller' build argument 'ament_cmake_args' from command line to 'None'
[2.764s] Level 5:colcon.colcon_core.verb:set package 'rfbl_controller' build argument 'catkin_cmake_args' from command line to 'None'
[2.764s] Level 5:colcon.colcon_core.verb:set package 'rfbl_controller' build argument 'catkin_skip_building_tests' from command line to 'False'
[2.764s] DEBUG:colcon.colcon_core.verb:Building package 'rfbl_controller' with the following arguments: {'ament_cmake_args': None, 'build_base': '/home/qadeem/control/ros2_ws/build/rfbl_controller', 'catkin_cmake_args': None, 'catkin_skip_building_tests': False, 'cmake_args': None, 'cmake_clean_cache': False, 'cmake_clean_first': False, 'cmake_force_configure': False, 'cmake_target': None, 'cmake_target_skip_unavailable': False, 'install_base': '/home/qadeem/control/ros2_ws/install/rfbl_controller', 'merge_install': False, 'path': '/home/qadeem/control/ros2_ws/src/rfbl_controller', 'symlink_install': False, 'test_result_base': None}
[2.764s] INFO:colcon.colcon_core.executor:Executing jobs using 'parallel' executor
[2.775s] DEBUG:colcon.colcon_parallel_executor.executor.parallel:run_until_complete
[2.778s] INFO:colcon.colcon_ros.task.ament_python.build:Building ROS package in '/home/qadeem/control/ros2_ws/src/rfbl_controller' with build type 'ament_python'
[2.780s] Level 1:colcon.colcon_core.shell:create_environment_hook('rfbl_controller', 'ament_prefix_path')
[2.815s] INFO:colcon.colcon_core.plugin_system:Skipping extension 'colcon_core.shell.bat': Not used on non-Windows systems
[2.816s] INFO:colcon.colcon_core.shell:Creating environment hook '/home/qadeem/control/ros2_ws/install/rfbl_controller/share/rfbl_controller/hook/ament_prefix_path.ps1'
[2.818s] INFO:colcon.colcon_core.shell:Creating environment descriptor '/home/qadeem/control/ros2_ws/install/rfbl_controller/share/rfbl_controller/hook/ament_prefix_path.dsv'
[2.820s] INFO:colcon.colcon_core.shell:Creating environment hook '/home/qadeem/control/ros2_ws/install/rfbl_controller/share/rfbl_controller/hook/ament_prefix_path.sh'
[2.824s] INFO:colcon.colcon_core.shell:Skip shell extension 'powershell' for command environment: Not usable outside of PowerShell
[2.825s] DEBUG:colcon.colcon_core.shell:Skip shell extension 'dsv' for command environment
[5.507s] INFO:colcon.colcon_core.task.python.build:Building Python package in '/home/qadeem/control/ros2_ws/src/rfbl_controller'
[5.517s] INFO:colcon.colcon_core.shell:Skip shell extension 'powershell' for command environment: Not usable outside of PowerShell
[5.518s] DEBUG:colcon.colcon_core.shell:Skip shell extension 'dsv' for command environment
[13.577s] DEBUG:colcon.colcon_core.event_handler.log_command:Invoking command in '/home/qadeem/control/ros2_ws/src/rfbl_controller': PYTHONPATH=/home/qadeem/control/ros2_ws/build/rfbl_controller/prefix_override:/usr/lib/python3/dist-packages/colcon_core/task/python/colcon_distutils_commands:/home/qadeem/control/ros2_ws/install/rfbl_controller/lib/python3.10/site-packages:${PYTHONPATH} /usr/bin/python3 -W ignore:setup.py install is deprecated -W ignore:easy_install command is deprecated setup.py egg_info --egg-base ../../build/rfbl_controller build --build-base /home/qadeem/control/ros2_ws/build/rfbl_controller/build install --record /home/qadeem/control/ros2_ws/build/rfbl_controller/install.log --single-version-externally-managed install_data
[20.463s] DEBUG:colcon.colcon_core.event_handler.log_command:Invoked command in '/home/qadeem/control/ros2_ws/src/rfbl_controller' returned '0': PYTHONPATH=/home/qadeem/control/ros2_ws/build/rfbl_controller/prefix_override:/usr/lib/python3/dist-packages/colcon_core/task/python/colcon_distutils_commands:/home/qadeem/control/ros2_ws/install/rfbl_controller/lib/python3.10/site-packages:${PYTHONPATH} /usr/bin/python3 -W ignore:setup.py install is deprecated -W ignore:easy_install command is deprecated setup.py egg_info --egg-base ../../build/rfbl_controller build --build-base /home/qadeem/control/ros2_ws/build/rfbl_controller/build install --record /home/qadeem/control/ros2_ws/build/rfbl_controller/install.log --single-version-externally-managed install_data
[20.535s] Level 1:colcon.colcon_core.environment:checking '/home/qadeem/control/ros2_ws/install/rfbl_controller' for CMake module files
[20.548s] Level 1:colcon.colcon_core.environment:checking '/home/qadeem/control/ros2_ws/install/rfbl_controller' for CMake config files
[20.559s] Level 1:colcon.colcon_core.environment:checking '/home/qadeem/control/ros2_ws/install/rfbl_controller/lib'
[20.565s] Level 1:colcon.colcon_core.environment:checking '/home/qadeem/control/ros2_ws/install/rfbl_controller/bin'
[20.566s] Level 1:colcon.colcon_core.environment:checking '/home/qadeem/control/ros2_ws/install/rfbl_controller/lib/pkgconfig/rfbl_controller.pc'
[20.568s] Level 1:colcon.colcon_core.environment:checking '/home/qadeem/control/ros2_ws/install/rfbl_controller/lib/python3.10/site-packages'
[20.569s] Level 1:colcon.colcon_core.shell:create_environment_hook('rfbl_controller', 'pythonpath')
[20.577s] INFO:colcon.colcon_core.shell:Creating environment hook '/home/qadeem/control/ros2_ws/install/rfbl_controller/share/rfbl_controller/hook/pythonpath.ps1'
[20.583s] INFO:colcon.colcon_core.shell:Creating environment descriptor '/home/qadeem/control/ros2_ws/install/rfbl_controller/share/rfbl_controller/hook/pythonpath.dsv'
[20.585s] INFO:colcon.colcon_core.shell:Creating environment hook '/home/qadeem/control/ros2_ws/install/rfbl_controller/share/rfbl_controller/hook/pythonpath.sh'
[20.598s] Level 1:colcon.colcon_core.environment:checking '/home/qadeem/control/ros2_ws/install/rfbl_controller/bin'
[20.599s] Level 1:colcon.colcon_core.environment:create_environment_scripts_only(rfbl_controller)
[20.600s] INFO:colcon.colcon_core.shell:Creating package script '/home/qadeem/control/ros2_ws/install/rfbl_controller/share/rfbl_controller/package.ps1'
[20.603s] INFO:colcon.colcon_core.shell:Creating package descriptor '/home/qadeem/control/ros2_ws/install/rfbl_controller/share/rfbl_controller/package.dsv'
[20.619s] INFO:colcon.colcon_core.shell:Creating package script '/home/qadeem/control/ros2_ws/install/rfbl_controller/share/rfbl_controller/package.sh'
[20.622s] INFO:colcon.colcon_core.shell:Creating package script '/home/qadeem/control/ros2_ws/install/rfbl_controller/share/rfbl_controller/package.bash'
[20.628s] INFO:colcon.colcon_core.shell:Creating package script '/home/qadeem/control/ros2_ws/install/rfbl_controller/share/rfbl_controller/package.zsh'
[20.639s] Level 1:colcon.colcon_core.environment:create_file_with_runtime_dependencies(/home/qadeem/control/ros2_ws/install/rfbl_controller/share/colcon-core/packages/rfbl_controller)
[20.642s] DEBUG:colcon.colcon_parallel_executor.executor.parallel:closing loop
[20.642s] DEBUG:colcon.colcon_parallel_executor.executor.parallel:loop closed
[20.643s] DEBUG:colcon.colcon_parallel_executor.executor.parallel:run_until_complete finished with '0'
[20.648s] DEBUG:colcon.colcon_core.event_reactor:joining thread
[20.813s] INFO:colcon.colcon_core.plugin_system:Skipping extension 'colcon_notification.desktop_notification.terminal_notifier': Not used on non-Darwin systems
[20.817s] INFO:colcon.colcon_core.plugin_system:Skipping extension 'colcon_notification.desktop_notification.win32': Not used on non-Windows systems
[20.820s] INFO:colcon.colcon_notification.desktop_notification:Sending desktop notification using 'notify2'
[20.963s] DEBUG:colcon.colcon_core.event_reactor:joined thread
[20.970s] INFO:colcon.colcon_core.shell:Creating prefix script '/home/qadeem/control/ros2_ws/install/local_setup.ps1'
[20.982s] INFO:colcon.colcon_core.shell:Creating prefix util module '/home/qadeem/control/ros2_ws/install/_local_setup_util_ps1.py'
[20.998s] INFO:colcon.colcon_core.shell:Creating prefix chain script '/home/qadeem/control/ros2_ws/install/setup.ps1'
[21.012s] INFO:colcon.colcon_core.shell:Creating prefix script '/home/qadeem/control/ros2_ws/install/local_setup.sh'
[21.015s] INFO:colcon.colcon_core.shell:Creating prefix util module '/home/qadeem/control/ros2_ws/install/_local_setup_util_sh.py'
[21.022s] INFO:colcon.colcon_core.shell:Creating prefix chain script '/home/qadeem/control/ros2_ws/install/setup.sh'
[21.037s] INFO:colcon.colcon_core.shell:Creating prefix script '/home/qadeem/control/ros2_ws/install/local_setup.bash'
[21.039s] INFO:colcon.colcon_core.shell:Creating prefix chain script '/home/qadeem/control/ros2_ws/install/setup.bash'
[21.056s] INFO:colcon.colcon_core.shell:Creating prefix script '/home/qadeem/control/ros2_ws/install/local_setup.zsh'
[21.061s] INFO:colcon.colcon_core.shell:Creating prefix chain script '/home/qadeem/control/ros2_ws/install/setup.zsh'
