[10.976s] Invoking command in '/home/qadeem/control/ros2_ws/src/rfbl_controller': PYTHONPATH=/home/qadeem/control/ros2_ws/build/rfbl_controller/prefix_override:/usr/lib/python3/dist-packages/colcon_core/task/python/colcon_distutils_commands:/home/qadeem/control/ros2_ws/install/rfbl_controller/lib/python3.10/site-packages:${PYTHONPATH} /usr/bin/python3 -W ignore:setup.py install is deprecated -W ignore:easy_install command is deprecated setup.py egg_info --egg-base ../../build/rfbl_controller build --build-base /home/qadeem/control/ros2_ws/build/rfbl_controller/build install --record /home/qadeem/control/ros2_ws/build/rfbl_controller/install.log --single-version-externally-managed install_data
[15.312s] running egg_info
[15.630s] writing ../../build/rfbl_controller/rfbl_controller.egg-info/PKG-INFO
[15.634s] writing dependency_links to ../../build/rfbl_controller/rfbl_controller.egg-info/dependency_links.txt
[15.638s] writing entry points to ../../build/rfbl_controller/rfbl_controller.egg-info/entry_points.txt
[15.642s] writing requirements to ../../build/rfbl_controller/rfbl_controller.egg-info/requires.txt
[15.643s] writing top-level names to ../../build/rfbl_controller/rfbl_controller.egg-info/top_level.txt
[16.459s] reading manifest file '../../build/rfbl_controller/rfbl_controller.egg-info/SOURCES.txt'
[16.472s] writing manifest file '../../build/rfbl_controller/rfbl_controller.egg-info/SOURCES.txt'
[16.482s] running build
[16.484s] running build_py
[16.486s] copying rfbl_controller/xy_position_controller.py -> /home/qadeem/control/ros2_ws/build/rfbl_controller/build/lib/rfbl_controller
[16.490s] copying rfbl_controller/rfbl_offboard_node.py -> /home/qadeem/control/ros2_ws/build/rfbl_controller/build/lib/rfbl_controller
[16.492s] copying rfbl_controller/disturbance_observer.py -> /home/qadeem/control/ros2_ws/build/rfbl_controller/build/lib/rfbl_controller
[16.492s] copying rfbl_controller/rfbl_controller.py -> /home/qadeem/control/ros2_ws/build/rfbl_controller/build/lib/rfbl_controller
[16.492s] copying rfbl_controller/params_refs.py -> /home/qadeem/control/ros2_ws/build/rfbl_controller/build/lib/rfbl_controller
[16.493s] copying rfbl_controller/__init__.py -> /home/qadeem/control/ros2_ws/build/rfbl_controller/build/lib/rfbl_controller
[16.493s] copying rfbl_controller/xy_disturbance_observer.py -> /home/qadeem/control/ros2_ws/build/rfbl_controller/build/lib/rfbl_controller
[16.493s] running install
[16.537s] running install_lib
[16.841s] copying /home/qadeem/control/ros2_ws/build/rfbl_controller/build/lib/rfbl_controller/rfbl_offboard_node.py -> /home/qadeem/control/ros2_ws/install/rfbl_controller/lib/python3.10/site-packages/rfbl_controller
[16.848s] byte-compiling /home/qadeem/control/ros2_ws/install/rfbl_controller/lib/python3.10/site-packages/rfbl_controller/rfbl_offboard_node.py to rfbl_offboard_node.cpython-310.pyc
[16.856s] running install_data
[16.868s] copying resource/rfbl_controller -> /home/qadeem/control/ros2_ws/install/rfbl_controller/share/ament_index/resource_index/packages
[16.872s] copying package.xml -> /home/qadeem/control/ros2_ws/install/rfbl_controller/share/rfbl_controller
[16.872s] running install_egg_info
[17.233s] removing '/home/qadeem/control/ros2_ws/install/rfbl_controller/lib/python3.10/site-packages/rfbl_controller-0.0.0-py3.10.egg-info' (and everything under it)
[17.239s] Copying ../../build/rfbl_controller/rfbl_controller.egg-info to /home/qadeem/control/ros2_ws/install/rfbl_controller/lib/python3.10/site-packages/rfbl_controller-0.0.0-py3.10.egg-info
[17.243s] running install_scripts
[19.694s] Installing rfbl_offboard_node script to /home/qadeem/control/ros2_ws/install/rfbl_controller/lib/rfbl_controller
[19.696s] writing list of installed files to '/home/qadeem/control/ros2_ws/build/rfbl_controller/install.log'
[19.875s] Invoked command in '/home/qadeem/control/ros2_ws/src/rfbl_controller' returned '0': PYTHONPATH=/home/qadeem/control/ros2_ws/build/rfbl_controller/prefix_override:/usr/lib/python3/dist-packages/colcon_core/task/python/colcon_distutils_commands:/home/qadeem/control/ros2_ws/install/rfbl_controller/lib/python3.10/site-packages:${PYTHONPATH} /usr/bin/python3 -W ignore:setup.py install is deprecated -W ignore:easy_install command is deprecated setup.py egg_info --egg-base ../../build/rfbl_controller build --build-base /home/qadeem/control/ros2_ws/build/rfbl_controller/build install --record /home/qadeem/control/ros2_ws/build/rfbl_controller/install.log --single-version-externally-managed install_data
