[1.867s] DEBUG:colcon:Command line arguments: ['/usr/bin/colcon', 'build', '--packages-select', 'rfbl_controller']
[1.867s] DEBUG:colcon:Parsed command line arguments: Namespace(log_base=None, log_level=None, verb_name='build', build_base='build', install_base='install', merge_install=False, symlink_install=False, test_result_base=None, continue_on_error=False, executor='parallel', parallel_workers=4, event_handlers=None, ignore_user_meta=False, metas=['./colcon.meta'], base_paths=['.'], packages_ignore=None, packages_ignore_regex=None, paths=None, packages_up_to=None, packages_up_to_regex=None, packages_above=None, packages_above_and_dependencies=None, packages_above_depth=None, packages_select_by_dep=None, packages_skip_by_dep=None, packages_skip_up_to=None, packages_select_build_failed=False, packages_skip_build_finished=False, packages_select_test_failures=False, packages_skip_test_passed=False, packages_select=['rfbl_controller'], packages_skip=None, packages_select_regex=None, packages_skip_regex=None, packages_start=None, packages_end=None, allow_overriding=[], cmake_args=None, cmake_target=None, cmake_target_skip_unavailable=False, cmake_clean_cache=False, cmake_clean_first=False, cmake_force_configure=False, ament_cmake_args=None, catkin_cmake_args=None, catkin_skip_building_tests=False, mixin_files=None, mixin=None, verb_parser=<colcon_mixin.mixin.mixin_argument.MixinArgumentDecorator object at 0x7225ae9ad0f0>, verb_extension=<colcon_core.verb.build.BuildVerb object at 0x7225aea1ece0>, main=<bound method BuildVerb.main of <colcon_core.verb.build.BuildVerb object at 0x7225aea1ece0>>, mixin_verb=('build',))
[2.282s] Level 1:colcon.colcon_core.package_discovery:discover_packages(colcon_meta) check parameters
[2.283s] Level 1:colcon.colcon_core.package_discovery:discover_packages(recursive) check parameters
[2.284s] Level 1:colcon.colcon_core.package_discovery:discover_packages(ignore) check parameters
[2.284s] Level 1:colcon.colcon_core.package_discovery:discover_packages(path) check parameters
[2.285s] Level 1:colcon.colcon_core.package_discovery:discover_packages(colcon_meta) discover
[2.286s] Level 1:colcon.colcon_core.package_discovery:discover_packages(recursive) discover
[2.287s] INFO:colcon.colcon_core.package_discovery:Crawling recursively for packages in '/home/qadeem/control/ros2_ws'
[2.288s] Level 1:colcon.colcon_core.package_identification:_identify(.) by extensions ['ignore', 'ignore_ament_install']
[2.288s] Level 1:colcon.colcon_core.package_identification:_identify(.) by extension 'ignore'
[2.289s] Level 1:colcon.colcon_core.package_identification:_identify(.) by extension 'ignore_ament_install'
[2.289s] Level 1:colcon.colcon_core.package_identification:_identify(.) by extensions ['colcon_pkg']
[2.289s] Level 1:colcon.colcon_core.package_identification:_identify(.) by extension 'colcon_pkg'
[2.289s] Level 1:colcon.colcon_core.package_identification:_identify(.) by extensions ['colcon_meta']
[2.289s] Level 1:colcon.colcon_core.package_identification:_identify(.) by extension 'colcon_meta'
[2.289s] Level 1:colcon.colcon_core.package_identification:_identify(.) by extensions ['ros']
[2.289s] Level 1:colcon.colcon_core.package_identification:_identify(.) by extension 'ros'
[2.428s] Level 1:colcon.colcon_core.package_identification:_identify(.) by extensions ['cmake', 'python']
[2.429s] Level 1:colcon.colcon_core.package_identification:_identify(.) by extension 'cmake'
[2.429s] Level 1:colcon.colcon_core.package_identification:_identify(.) by extension 'python'
[2.431s] Level 1:colcon.colcon_core.package_identification:_identify(.) by extensions ['python_setup_py']
[2.431s] Level 1:colcon.colcon_core.package_identification:_identify(.) by extension 'python_setup_py'
[2.432s] Level 1:colcon.colcon_core.package_identification:_identify(build) by extensions ['ignore', 'ignore_ament_install']
[2.432s] Level 1:colcon.colcon_core.package_identification:_identify(build) by extension 'ignore'
[2.432s] Level 1:colcon.colcon_core.package_identification:_identify(build) ignored
[2.432s] Level 1:colcon.colcon_core.package_identification:_identify(install) by extensions ['ignore', 'ignore_ament_install']
[2.433s] Level 1:colcon.colcon_core.package_identification:_identify(install) by extension 'ignore'
[2.433s] Level 1:colcon.colcon_core.package_identification:_identify(install) ignored
[2.433s] Level 1:colcon.colcon_core.package_identification:_identify(log) by extensions ['ignore', 'ignore_ament_install']
[2.434s] Level 1:colcon.colcon_core.package_identification:_identify(log) by extension 'ignore'
[2.434s] Level 1:colcon.colcon_core.package_identification:_identify(log) ignored
[2.434s] Level 1:colcon.colcon_core.package_identification:_identify(src) by extensions ['ignore', 'ignore_ament_install']
[2.434s] Level 1:colcon.colcon_core.package_identification:_identify(src) by extension 'ignore'
[2.434s] Level 1:colcon.colcon_core.package_identification:_identify(src) by extension 'ignore_ament_install'
[2.435s] Level 1:colcon.colcon_core.package_identification:_identify(src) by extensions ['colcon_pkg']
[2.435s] Level 1:colcon.colcon_core.package_identification:_identify(src) by extension 'colcon_pkg'
[2.435s] Level 1:colcon.colcon_core.package_identification:_identify(src) by extensions ['colcon_meta']
[2.435s] Level 1:colcon.colcon_core.package_identification:_identify(src) by extension 'colcon_meta'
[2.435s] Level 1:colcon.colcon_core.package_identification:_identify(src) by extensions ['ros']
[2.435s] Level 1:colcon.colcon_core.package_identification:_identify(src) by extension 'ros'
[2.435s] Level 1:colcon.colcon_core.package_identification:_identify(src) by extensions ['cmake', 'python']
[2.435s] Level 1:colcon.colcon_core.package_identification:_identify(src) by extension 'cmake'
[2.436s] Level 1:colcon.colcon_core.package_identification:_identify(src) by extension 'python'
[2.436s] Level 1:colcon.colcon_core.package_identification:_identify(src) by extensions ['python_setup_py']
[2.436s] Level 1:colcon.colcon_core.package_identification:_identify(src) by extension 'python_setup_py'
[2.439s] Level 1:colcon.colcon_core.package_identification:_identify(src/rfbl_controller) by extensions ['ignore', 'ignore_ament_install']
[2.442s] Level 1:colcon.colcon_core.package_identification:_identify(src/rfbl_controller) by extension 'ignore'
[2.443s] Level 1:colcon.colcon_core.package_identification:_identify(src/rfbl_controller) by extension 'ignore_ament_install'
[2.444s] Level 1:colcon.colcon_core.package_identification:_identify(src/rfbl_controller) by extensions ['colcon_pkg']
[2.445s] Level 1:colcon.colcon_core.package_identification:_identify(src/rfbl_controller) by extension 'colcon_pkg'
[2.446s] Level 1:colcon.colcon_core.package_identification:_identify(src/rfbl_controller) by extensions ['colcon_meta']
[2.447s] Level 1:colcon.colcon_core.package_identification:_identify(src/rfbl_controller) by extension 'colcon_meta'
[2.448s] Level 1:colcon.colcon_core.package_identification:_identify(src/rfbl_controller) by extensions ['ros']
[2.449s] Level 1:colcon.colcon_core.package_identification:_identify(src/rfbl_controller) by extension 'ros'
[2.460s] DEBUG:colcon.colcon_core.package_identification:Package 'src/rfbl_controller' with type 'ros.ament_python' and name 'rfbl_controller'
[2.460s] Level 1:colcon.colcon_core.package_discovery:discover_packages(recursive) using defaults
[2.461s] Level 1:colcon.colcon_core.package_discovery:discover_packages(ignore) discover
[2.461s] Level 1:colcon.colcon_core.package_discovery:discover_packages(ignore) using defaults
[2.461s] Level 1:colcon.colcon_core.package_discovery:discover_packages(path) discover
[2.461s] Level 1:colcon.colcon_core.package_discovery:discover_packages(path) using defaults
[2.599s] Level 1:colcon.colcon_core.package_discovery:discover_packages(prefix_path) check parameters
[2.599s] Level 1:colcon.colcon_core.package_discovery:discover_packages(prefix_path) discover
[2.624s] DEBUG:colcon.colcon_installed_package_information.package_discovery:Found 1 installed packages in /home/qadeem/control/ros2_ws/install
[2.625s] DEBUG:colcon.colcon_installed_package_information.package_discovery:Found 1 installed packages in /home/qadeem/drone_ws/install
[2.626s] DEBUG:colcon.colcon_installed_package_information.package_discovery:Found 1 installed packages in /home/qadeem/turtlebot3_ws/install
[2.631s] DEBUG:colcon.colcon_installed_package_information.package_discovery:Found 375 installed packages in /opt/ros/humble
[2.668s] Level 1:colcon.colcon_core.package_discovery:discover_packages(prefix_path) using defaults
[3.211s] Level 5:colcon.colcon_core.verb:set package 'rfbl_controller' build argument 'cmake_args' from command line to 'None'
[3.212s] Level 5:colcon.colcon_core.verb:set package 'rfbl_controller' build argument 'cmake_target' from command line to 'None'
[3.213s] Level 5:colcon.colcon_core.verb:set package 'rfbl_controller' build argument 'cmake_target_skip_unavailable' from command line to 'False'
[3.214s] Level 5:colcon.colcon_core.verb:set package 'rfbl_controller' build argument 'cmake_clean_cache' from command line to 'False'
[3.215s] Level 5:colcon.colcon_core.verb:set package 'rfbl_controller' build argument 'cmake_clean_first' from command line to 'False'
[3.216s] Level 5:colcon.colcon_core.verb:set package 'rfbl_controller' build argument 'cmake_force_configure' from command line to 'False'
[3.216s] Level 5:colcon.colcon_core.verb:set package 'rfbl_controller' build argument 'ament_cmake_args' from command line to 'None'
[3.217s] Level 5:colcon.colcon_core.verb:set package 'rfbl_controller' build argument 'catkin_cmake_args' from command line to 'None'
[3.218s] Level 5:colcon.colcon_core.verb:set package 'rfbl_controller' build argument 'catkin_skip_building_tests' from command line to 'False'
[3.218s] DEBUG:colcon.colcon_core.verb:Building package 'rfbl_controller' with the following arguments: {'ament_cmake_args': None, 'build_base': '/home/qadeem/control/ros2_ws/build/rfbl_controller', 'catkin_cmake_args': None, 'catkin_skip_building_tests': False, 'cmake_args': None, 'cmake_clean_cache': False, 'cmake_clean_first': False, 'cmake_force_configure': False, 'cmake_target': None, 'cmake_target_skip_unavailable': False, 'install_base': '/home/qadeem/control/ros2_ws/install/rfbl_controller', 'merge_install': False, 'path': '/home/qadeem/control/ros2_ws/src/rfbl_controller', 'symlink_install': False, 'test_result_base': None}
[3.220s] INFO:colcon.colcon_core.executor:Executing jobs using 'parallel' executor
[3.230s] DEBUG:colcon.colcon_parallel_executor.executor.parallel:run_until_complete
[3.237s] INFO:colcon.colcon_ros.task.ament_python.build:Building ROS package in '/home/qadeem/control/ros2_ws/src/rfbl_controller' with build type 'ament_python'
[3.240s] Level 1:colcon.colcon_core.shell:create_environment_hook('rfbl_controller', 'ament_prefix_path')
[3.297s] INFO:colcon.colcon_core.plugin_system:Skipping extension 'colcon_core.shell.bat': Not used on non-Windows systems
[3.304s] INFO:colcon.colcon_core.shell:Creating environment hook '/home/qadeem/control/ros2_ws/install/rfbl_controller/share/rfbl_controller/hook/ament_prefix_path.ps1'
[3.312s] INFO:colcon.colcon_core.shell:Creating environment descriptor '/home/qadeem/control/ros2_ws/install/rfbl_controller/share/rfbl_controller/hook/ament_prefix_path.dsv'
[3.314s] INFO:colcon.colcon_core.shell:Creating environment hook '/home/qadeem/control/ros2_ws/install/rfbl_controller/share/rfbl_controller/hook/ament_prefix_path.sh'
[3.317s] INFO:colcon.colcon_core.shell:Skip shell extension 'powershell' for command environment: Not usable outside of PowerShell
[3.318s] DEBUG:colcon.colcon_core.shell:Skip shell extension 'dsv' for command environment
[6.069s] INFO:colcon.colcon_core.task.python.build:Building Python package in '/home/qadeem/control/ros2_ws/src/rfbl_controller'
[6.073s] INFO:colcon.colcon_core.shell:Skip shell extension 'powershell' for command environment: Not usable outside of PowerShell
[6.074s] DEBUG:colcon.colcon_core.shell:Skip shell extension 'dsv' for command environment
[13.416s] DEBUG:colcon.colcon_core.event_handler.log_command:Invoking command in '/home/qadeem/control/ros2_ws/src/rfbl_controller': PYTHONPATH=/home/qadeem/control/ros2_ws/build/rfbl_controller/prefix_override:/usr/lib/python3/dist-packages/colcon_core/task/python/colcon_distutils_commands:/home/qadeem/control/ros2_ws/install/rfbl_controller/lib/python3.10/site-packages:${PYTHONPATH} /usr/bin/python3 -W ignore:setup.py install is deprecated -W ignore:easy_install command is deprecated setup.py egg_info --egg-base ../../build/rfbl_controller build --build-base /home/qadeem/control/ros2_ws/build/rfbl_controller/build install --record /home/qadeem/control/ros2_ws/build/rfbl_controller/install.log --single-version-externally-managed install_data
[22.614s] DEBUG:colcon.colcon_core.event_handler.log_command:Invoked command in '/home/qadeem/control/ros2_ws/src/rfbl_controller' returned '0': PYTHONPATH=/home/qadeem/control/ros2_ws/build/rfbl_controller/prefix_override:/usr/lib/python3/dist-packages/colcon_core/task/python/colcon_distutils_commands:/home/qadeem/control/ros2_ws/install/rfbl_controller/lib/python3.10/site-packages:${PYTHONPATH} /usr/bin/python3 -W ignore:setup.py install is deprecated -W ignore:easy_install command is deprecated setup.py egg_info --egg-base ../../build/rfbl_controller build --build-base /home/qadeem/control/ros2_ws/build/rfbl_controller/build install --record /home/qadeem/control/ros2_ws/build/rfbl_controller/install.log --single-version-externally-managed install_data
[22.668s] Level 1:colcon.colcon_core.environment:checking '/home/qadeem/control/ros2_ws/install/rfbl_controller' for CMake module files
[22.676s] Level 1:colcon.colcon_core.environment:checking '/home/qadeem/control/ros2_ws/install/rfbl_controller' for CMake config files
[22.681s] Level 1:colcon.colcon_core.environment:checking '/home/qadeem/control/ros2_ws/install/rfbl_controller/lib'
[22.681s] Level 1:colcon.colcon_core.environment:checking '/home/qadeem/control/ros2_ws/install/rfbl_controller/bin'
[22.682s] Level 1:colcon.colcon_core.environment:checking '/home/qadeem/control/ros2_ws/install/rfbl_controller/lib/pkgconfig/rfbl_controller.pc'
[22.683s] Level 1:colcon.colcon_core.environment:checking '/home/qadeem/control/ros2_ws/install/rfbl_controller/lib/python3.10/site-packages'
[22.683s] Level 1:colcon.colcon_core.shell:create_environment_hook('rfbl_controller', 'pythonpath')
[22.684s] INFO:colcon.colcon_core.shell:Creating environment hook '/home/qadeem/control/ros2_ws/install/rfbl_controller/share/rfbl_controller/hook/pythonpath.ps1'
[22.691s] INFO:colcon.colcon_core.shell:Creating environment descriptor '/home/qadeem/control/ros2_ws/install/rfbl_controller/share/rfbl_controller/hook/pythonpath.dsv'
[22.697s] INFO:colcon.colcon_core.shell:Creating environment hook '/home/qadeem/control/ros2_ws/install/rfbl_controller/share/rfbl_controller/hook/pythonpath.sh'
[22.706s] Level 1:colcon.colcon_core.environment:checking '/home/qadeem/control/ros2_ws/install/rfbl_controller/bin'
[22.706s] Level 1:colcon.colcon_core.environment:create_environment_scripts_only(rfbl_controller)
[22.713s] INFO:colcon.colcon_core.shell:Creating package script '/home/qadeem/control/ros2_ws/install/rfbl_controller/share/rfbl_controller/package.ps1'
[22.726s] INFO:colcon.colcon_core.shell:Creating package descriptor '/home/qadeem/control/ros2_ws/install/rfbl_controller/share/rfbl_controller/package.dsv'
[22.734s] INFO:colcon.colcon_core.shell:Creating package script '/home/qadeem/control/ros2_ws/install/rfbl_controller/share/rfbl_controller/package.sh'
[22.746s] INFO:colcon.colcon_core.shell:Creating package script '/home/qadeem/control/ros2_ws/install/rfbl_controller/share/rfbl_controller/package.bash'
[22.754s] INFO:colcon.colcon_core.shell:Creating package script '/home/qadeem/control/ros2_ws/install/rfbl_controller/share/rfbl_controller/package.zsh'
[22.764s] Level 1:colcon.colcon_core.environment:create_file_with_runtime_dependencies(/home/qadeem/control/ros2_ws/install/rfbl_controller/share/colcon-core/packages/rfbl_controller)
[22.770s] DEBUG:colcon.colcon_parallel_executor.executor.parallel:closing loop
[22.777s] DEBUG:colcon.colcon_parallel_executor.executor.parallel:loop closed
[22.779s] DEBUG:colcon.colcon_parallel_executor.executor.parallel:run_until_complete finished with '0'
[22.780s] DEBUG:colcon.colcon_core.event_reactor:joining thread
[22.952s] INFO:colcon.colcon_core.plugin_system:Skipping extension 'colcon_notification.desktop_notification.terminal_notifier': Not used on non-Darwin systems
[22.953s] INFO:colcon.colcon_core.plugin_system:Skipping extension 'colcon_notification.desktop_notification.win32': Not used on non-Windows systems
[22.955s] INFO:colcon.colcon_notification.desktop_notification:Sending desktop notification using 'notify2'
[23.206s] DEBUG:colcon.colcon_core.event_reactor:joined thread
[23.207s] INFO:colcon.colcon_core.shell:Creating prefix script '/home/qadeem/control/ros2_ws/install/local_setup.ps1'
[23.222s] INFO:colcon.colcon_core.shell:Creating prefix util module '/home/qadeem/control/ros2_ws/install/_local_setup_util_ps1.py'
[23.236s] INFO:colcon.colcon_core.shell:Creating prefix chain script '/home/qadeem/control/ros2_ws/install/setup.ps1'
[23.243s] INFO:colcon.colcon_core.shell:Creating prefix script '/home/qadeem/control/ros2_ws/install/local_setup.sh'
[23.256s] INFO:colcon.colcon_core.shell:Creating prefix util module '/home/qadeem/control/ros2_ws/install/_local_setup_util_sh.py'
[23.265s] INFO:colcon.colcon_core.shell:Creating prefix chain script '/home/qadeem/control/ros2_ws/install/setup.sh'
[23.269s] INFO:colcon.colcon_core.shell:Creating prefix script '/home/qadeem/control/ros2_ws/install/local_setup.bash'
[23.273s] INFO:colcon.colcon_core.shell:Creating prefix chain script '/home/qadeem/control/ros2_ws/install/setup.bash'
[23.293s] INFO:colcon.colcon_core.shell:Creating prefix script '/home/qadeem/control/ros2_ws/install/local_setup.zsh'
[23.297s] INFO:colcon.colcon_core.shell:Creating prefix chain script '/home/qadeem/control/ros2_ws/install/setup.zsh'
