[1.970s] DEBUG:colcon:Command line arguments: ['/usr/bin/colcon', 'build', '--packages-select', 'rfbl_controller']
[1.970s] DEBUG:colcon:Parsed command line arguments: Namespace(log_base=None, log_level=None, verb_name='build', build_base='build', install_base='install', merge_install=False, symlink_install=False, test_result_base=None, continue_on_error=False, executor='parallel', parallel_workers=4, event_handlers=None, ignore_user_meta=False, metas=['./colcon.meta'], base_paths=['.'], packages_ignore=None, packages_ignore_regex=None, paths=None, packages_up_to=None, packages_up_to_regex=None, packages_above=None, packages_above_and_dependencies=None, packages_above_depth=None, packages_select_by_dep=None, packages_skip_by_dep=None, packages_skip_up_to=None, packages_select_build_failed=False, packages_skip_build_finished=False, packages_select_test_failures=False, packages_skip_test_passed=False, packages_select=['rfbl_controller'], packages_skip=None, packages_select_regex=None, packages_skip_regex=None, packages_start=None, packages_end=None, allow_overriding=[], cmake_args=None, cmake_target=None, cmake_target_skip_unavailable=False, cmake_clean_cache=False, cmake_clean_first=False, cmake_force_configure=False, ament_cmake_args=None, catkin_cmake_args=None, catkin_skip_building_tests=False, mixin_files=None, mixin=None, verb_parser=<colcon_mixin.mixin.mixin_argument.MixinArgumentDecorator object at 0x742ffbba50f0>, verb_extension=<colcon_core.verb.build.BuildVerb object at 0x742ffbc16ce0>, main=<bound method BuildVerb.main of <colcon_core.verb.build.BuildVerb object at 0x742ffbc16ce0>>, mixin_verb=('build',))
[2.467s] Level 1:colcon.colcon_core.package_discovery:discover_packages(colcon_meta) check parameters
[2.468s] Level 1:colcon.colcon_core.package_discovery:discover_packages(recursive) check parameters
[2.469s] Level 1:colcon.colcon_core.package_discovery:discover_packages(ignore) check parameters
[2.469s] Level 1:colcon.colcon_core.package_discovery:discover_packages(path) check parameters
[2.470s] Level 1:colcon.colcon_core.package_discovery:discover_packages(colcon_meta) discover
[2.471s] Level 1:colcon.colcon_core.package_discovery:discover_packages(recursive) discover
[2.472s] INFO:colcon.colcon_core.package_discovery:Crawling recursively for packages in '/home/qadeem/control/ros2_ws/src'
[2.474s] Level 1:colcon.colcon_core.package_identification:_identify(.) by extensions ['ignore', 'ignore_ament_install']
[2.476s] Level 1:colcon.colcon_core.package_identification:_identify(.) by extension 'ignore'
[2.478s] Level 1:colcon.colcon_core.package_identification:_identify(.) by extension 'ignore_ament_install'
[2.479s] Level 1:colcon.colcon_core.package_identification:_identify(.) by extensions ['colcon_pkg']
[2.479s] Level 1:colcon.colcon_core.package_identification:_identify(.) by extension 'colcon_pkg'
[2.480s] Level 1:colcon.colcon_core.package_identification:_identify(.) by extensions ['colcon_meta']
[2.481s] Level 1:colcon.colcon_core.package_identification:_identify(.) by extension 'colcon_meta'
[2.481s] Level 1:colcon.colcon_core.package_identification:_identify(.) by extensions ['ros']
[2.482s] Level 1:colcon.colcon_core.package_identification:_identify(.) by extension 'ros'
[2.624s] Level 1:colcon.colcon_core.package_identification:_identify(.) by extensions ['cmake', 'python']
[2.624s] Level 1:colcon.colcon_core.package_identification:_identify(.) by extension 'cmake'
[2.624s] Level 1:colcon.colcon_core.package_identification:_identify(.) by extension 'python'
[2.624s] Level 1:colcon.colcon_core.package_identification:_identify(.) by extensions ['python_setup_py']
[2.624s] Level 1:colcon.colcon_core.package_identification:_identify(.) by extension 'python_setup_py'
[2.625s] Level 1:colcon.colcon_core.package_identification:_identify(build) by extensions ['ignore', 'ignore_ament_install']
[2.625s] Level 1:colcon.colcon_core.package_identification:_identify(build) by extension 'ignore'
[2.625s] Level 1:colcon.colcon_core.package_identification:_identify(build) ignored
[2.626s] Level 1:colcon.colcon_core.package_identification:_identify(install) by extensions ['ignore', 'ignore_ament_install']
[2.626s] Level 1:colcon.colcon_core.package_identification:_identify(install) by extension 'ignore'
[2.626s] Level 1:colcon.colcon_core.package_identification:_identify(install) ignored
[2.626s] Level 1:colcon.colcon_core.package_identification:_identify(log) by extensions ['ignore', 'ignore_ament_install']
[2.627s] Level 1:colcon.colcon_core.package_identification:_identify(log) by extension 'ignore'
[2.627s] Level 1:colcon.colcon_core.package_identification:_identify(log) ignored
[2.627s] Level 1:colcon.colcon_core.package_identification:_identify(rfbl_controller) by extensions ['ignore', 'ignore_ament_install']
[2.628s] Level 1:colcon.colcon_core.package_identification:_identify(rfbl_controller) by extension 'ignore'
[2.629s] Level 1:colcon.colcon_core.package_identification:_identify(rfbl_controller) by extension 'ignore_ament_install'
[2.631s] Level 1:colcon.colcon_core.package_identification:_identify(rfbl_controller) by extensions ['colcon_pkg']
[2.632s] Level 1:colcon.colcon_core.package_identification:_identify(rfbl_controller) by extension 'colcon_pkg'
[2.633s] Level 1:colcon.colcon_core.package_identification:_identify(rfbl_controller) by extensions ['colcon_meta']
[2.634s] Level 1:colcon.colcon_core.package_identification:_identify(rfbl_controller) by extension 'colcon_meta'
[2.636s] Level 1:colcon.colcon_core.package_identification:_identify(rfbl_controller) by extensions ['ros']
[2.637s] Level 1:colcon.colcon_core.package_identification:_identify(rfbl_controller) by extension 'ros'
[2.663s] DEBUG:colcon.colcon_core.package_identification:Package 'rfbl_controller' with type 'ros.ament_python' and name 'rfbl_controller'
[2.664s] Level 1:colcon.colcon_core.package_discovery:discover_packages(recursive) using defaults
[2.665s] Level 1:colcon.colcon_core.package_discovery:discover_packages(ignore) discover
[2.665s] Level 1:colcon.colcon_core.package_discovery:discover_packages(ignore) using defaults
[2.665s] Level 1:colcon.colcon_core.package_discovery:discover_packages(path) discover
[2.665s] Level 1:colcon.colcon_core.package_discovery:discover_packages(path) using defaults
[2.854s] Level 1:colcon.colcon_core.package_discovery:discover_packages(prefix_path) check parameters
[2.854s] Level 1:colcon.colcon_core.package_discovery:discover_packages(prefix_path) discover
[2.873s] DEBUG:colcon.colcon_installed_package_information.package_discovery:Found 1 installed packages in /home/qadeem/control/ros2_ws/src/install
[2.877s] DEBUG:colcon.colcon_installed_package_information.package_discovery:Found 1 installed packages in /home/qadeem/control/ros2_ws/install
[2.885s] DEBUG:colcon.colcon_installed_package_information.package_discovery:Found 1 installed packages in /home/qadeem/drone_ws/install
[2.897s] DEBUG:colcon.colcon_installed_package_information.package_discovery:Found 1 installed packages in /home/qadeem/turtlebot3_ws/install
[2.926s] DEBUG:colcon.colcon_installed_package_information.package_discovery:Found 375 installed packages in /opt/ros/humble
[2.952s] Level 1:colcon.colcon_core.package_discovery:discover_packages(prefix_path) using defaults
[3.580s] Level 5:colcon.colcon_core.verb:set package 'rfbl_controller' build argument 'cmake_args' from command line to 'None'
[3.581s] Level 5:colcon.colcon_core.verb:set package 'rfbl_controller' build argument 'cmake_target' from command line to 'None'
[3.582s] Level 5:colcon.colcon_core.verb:set package 'rfbl_controller' build argument 'cmake_target_skip_unavailable' from command line to 'False'
[3.583s] Level 5:colcon.colcon_core.verb:set package 'rfbl_controller' build argument 'cmake_clean_cache' from command line to 'False'
[3.583s] Level 5:colcon.colcon_core.verb:set package 'rfbl_controller' build argument 'cmake_clean_first' from command line to 'False'
[3.584s] Level 5:colcon.colcon_core.verb:set package 'rfbl_controller' build argument 'cmake_force_configure' from command line to 'False'
[3.584s] Level 5:colcon.colcon_core.verb:set package 'rfbl_controller' build argument 'ament_cmake_args' from command line to 'None'
[3.585s] Level 5:colcon.colcon_core.verb:set package 'rfbl_controller' build argument 'catkin_cmake_args' from command line to 'None'
[3.585s] Level 5:colcon.colcon_core.verb:set package 'rfbl_controller' build argument 'catkin_skip_building_tests' from command line to 'False'
[3.586s] DEBUG:colcon.colcon_core.verb:Building package 'rfbl_controller' with the following arguments: {'ament_cmake_args': None, 'build_base': '/home/qadeem/control/ros2_ws/src/build/rfbl_controller', 'catkin_cmake_args': None, 'catkin_skip_building_tests': False, 'cmake_args': None, 'cmake_clean_cache': False, 'cmake_clean_first': False, 'cmake_force_configure': False, 'cmake_target': None, 'cmake_target_skip_unavailable': False, 'install_base': '/home/qadeem/control/ros2_ws/src/install/rfbl_controller', 'merge_install': False, 'path': '/home/qadeem/control/ros2_ws/src/rfbl_controller', 'symlink_install': False, 'test_result_base': None}
[3.588s] INFO:colcon.colcon_core.executor:Executing jobs using 'parallel' executor
[3.592s] DEBUG:colcon.colcon_parallel_executor.executor.parallel:run_until_complete
[3.598s] INFO:colcon.colcon_ros.task.ament_python.build:Building ROS package in '/home/qadeem/control/ros2_ws/src/rfbl_controller' with build type 'ament_python'
[3.603s] Level 1:colcon.colcon_core.shell:create_environment_hook('rfbl_controller', 'ament_prefix_path')
[3.661s] INFO:colcon.colcon_core.plugin_system:Skipping extension 'colcon_core.shell.bat': Not used on non-Windows systems
[3.665s] INFO:colcon.colcon_core.shell:Creating environment hook '/home/qadeem/control/ros2_ws/src/install/rfbl_controller/share/rfbl_controller/hook/ament_prefix_path.ps1'
[3.669s] INFO:colcon.colcon_core.shell:Creating environment descriptor '/home/qadeem/control/ros2_ws/src/install/rfbl_controller/share/rfbl_controller/hook/ament_prefix_path.dsv'
[3.674s] INFO:colcon.colcon_core.shell:Creating environment hook '/home/qadeem/control/ros2_ws/src/install/rfbl_controller/share/rfbl_controller/hook/ament_prefix_path.sh'
[3.688s] INFO:colcon.colcon_core.shell:Skip shell extension 'powershell' for command environment: Not usable outside of PowerShell
[3.689s] DEBUG:colcon.colcon_core.shell:Skip shell extension 'dsv' for command environment
[6.799s] INFO:colcon.colcon_core.task.python.build:Building Python package in '/home/qadeem/control/ros2_ws/src/rfbl_controller'
[6.802s] INFO:colcon.colcon_core.shell:Skip shell extension 'powershell' for command environment: Not usable outside of PowerShell
[6.803s] DEBUG:colcon.colcon_core.shell:Skip shell extension 'dsv' for command environment
[14.732s] DEBUG:colcon.colcon_core.event_handler.log_command:Invoking command in '/home/qadeem/control/ros2_ws/src/rfbl_controller': PYTHONPATH=/home/qadeem/control/ros2_ws/src/build/rfbl_controller/prefix_override:/usr/lib/python3/dist-packages/colcon_core/task/python/colcon_distutils_commands:/home/qadeem/control/ros2_ws/src/install/rfbl_controller/lib/python3.10/site-packages:${PYTHONPATH} /usr/bin/python3 -W ignore:setup.py install is deprecated -W ignore:easy_install command is deprecated setup.py egg_info --egg-base ../build/rfbl_controller build --build-base /home/qadeem/control/ros2_ws/src/build/rfbl_controller/build install --record /home/qadeem/control/ros2_ws/src/build/rfbl_controller/install.log --single-version-externally-managed install_data
[23.897s] DEBUG:colcon.colcon_core.event_handler.log_command:Invoked command in '/home/qadeem/control/ros2_ws/src/rfbl_controller' returned '0': PYTHONPATH=/home/qadeem/control/ros2_ws/src/build/rfbl_controller/prefix_override:/usr/lib/python3/dist-packages/colcon_core/task/python/colcon_distutils_commands:/home/qadeem/control/ros2_ws/src/install/rfbl_controller/lib/python3.10/site-packages:${PYTHONPATH} /usr/bin/python3 -W ignore:setup.py install is deprecated -W ignore:easy_install command is deprecated setup.py egg_info --egg-base ../build/rfbl_controller build --build-base /home/qadeem/control/ros2_ws/src/build/rfbl_controller/build install --record /home/qadeem/control/ros2_ws/src/build/rfbl_controller/install.log --single-version-externally-managed install_data
[23.955s] Level 1:colcon.colcon_core.environment:checking '/home/qadeem/control/ros2_ws/src/install/rfbl_controller' for CMake module files
[23.959s] Level 1:colcon.colcon_core.environment:checking '/home/qadeem/control/ros2_ws/src/install/rfbl_controller' for CMake config files
[23.969s] Level 1:colcon.colcon_core.environment:checking '/home/qadeem/control/ros2_ws/src/install/rfbl_controller/lib'
[23.972s] Level 1:colcon.colcon_core.environment:checking '/home/qadeem/control/ros2_ws/src/install/rfbl_controller/bin'
[23.972s] Level 1:colcon.colcon_core.environment:checking '/home/qadeem/control/ros2_ws/src/install/rfbl_controller/lib/pkgconfig/rfbl_controller.pc'
[23.974s] Level 1:colcon.colcon_core.environment:checking '/home/qadeem/control/ros2_ws/src/install/rfbl_controller/lib/python3.10/site-packages'
[23.975s] Level 1:colcon.colcon_core.shell:create_environment_hook('rfbl_controller', 'pythonpath')
[23.977s] INFO:colcon.colcon_core.shell:Creating environment hook '/home/qadeem/control/ros2_ws/src/install/rfbl_controller/share/rfbl_controller/hook/pythonpath.ps1'
[23.986s] INFO:colcon.colcon_core.shell:Creating environment descriptor '/home/qadeem/control/ros2_ws/src/install/rfbl_controller/share/rfbl_controller/hook/pythonpath.dsv'
[23.989s] INFO:colcon.colcon_core.shell:Creating environment hook '/home/qadeem/control/ros2_ws/src/install/rfbl_controller/share/rfbl_controller/hook/pythonpath.sh'
[23.995s] Level 1:colcon.colcon_core.environment:checking '/home/qadeem/control/ros2_ws/src/install/rfbl_controller/bin'
[23.996s] Level 1:colcon.colcon_core.environment:create_environment_scripts_only(rfbl_controller)
[24.003s] INFO:colcon.colcon_core.shell:Creating package script '/home/qadeem/control/ros2_ws/src/install/rfbl_controller/share/rfbl_controller/package.ps1'
[24.014s] INFO:colcon.colcon_core.shell:Creating package descriptor '/home/qadeem/control/ros2_ws/src/install/rfbl_controller/share/rfbl_controller/package.dsv'
[24.024s] INFO:colcon.colcon_core.shell:Creating package script '/home/qadeem/control/ros2_ws/src/install/rfbl_controller/share/rfbl_controller/package.sh'
[24.036s] INFO:colcon.colcon_core.shell:Creating package script '/home/qadeem/control/ros2_ws/src/install/rfbl_controller/share/rfbl_controller/package.bash'
[24.048s] INFO:colcon.colcon_core.shell:Creating package script '/home/qadeem/control/ros2_ws/src/install/rfbl_controller/share/rfbl_controller/package.zsh'
[24.052s] Level 1:colcon.colcon_core.environment:create_file_with_runtime_dependencies(/home/qadeem/control/ros2_ws/src/install/rfbl_controller/share/colcon-core/packages/rfbl_controller)
[24.065s] DEBUG:colcon.colcon_parallel_executor.executor.parallel:closing loop
[24.067s] DEBUG:colcon.colcon_parallel_executor.executor.parallel:loop closed
[24.067s] DEBUG:colcon.colcon_parallel_executor.executor.parallel:run_until_complete finished with '0'
[24.069s] DEBUG:colcon.colcon_core.event_reactor:joining thread
[24.274s] INFO:colcon.colcon_core.plugin_system:Skipping extension 'colcon_notification.desktop_notification.terminal_notifier': Not used on non-Darwin systems
[24.275s] INFO:colcon.colcon_core.plugin_system:Skipping extension 'colcon_notification.desktop_notification.win32': Not used on non-Windows systems
[24.275s] INFO:colcon.colcon_notification.desktop_notification:Sending desktop notification using 'notify2'
[24.442s] DEBUG:colcon.colcon_core.event_reactor:joined thread
[24.443s] INFO:colcon.colcon_core.shell:Creating prefix script '/home/qadeem/control/ros2_ws/src/install/local_setup.ps1'
[24.447s] INFO:colcon.colcon_core.shell:Creating prefix util module '/home/qadeem/control/ros2_ws/src/install/_local_setup_util_ps1.py'
[24.456s] INFO:colcon.colcon_core.shell:Creating prefix chain script '/home/qadeem/control/ros2_ws/src/install/setup.ps1'
[24.464s] INFO:colcon.colcon_core.shell:Creating prefix script '/home/qadeem/control/ros2_ws/src/install/local_setup.sh'
[24.467s] INFO:colcon.colcon_core.shell:Creating prefix util module '/home/qadeem/control/ros2_ws/src/install/_local_setup_util_sh.py'
[24.482s] INFO:colcon.colcon_core.shell:Creating prefix chain script '/home/qadeem/control/ros2_ws/src/install/setup.sh'
[24.489s] INFO:colcon.colcon_core.shell:Creating prefix script '/home/qadeem/control/ros2_ws/src/install/local_setup.bash'
[24.491s] INFO:colcon.colcon_core.shell:Creating prefix chain script '/home/qadeem/control/ros2_ws/src/install/setup.bash'
[24.499s] INFO:colcon.colcon_core.shell:Creating prefix script '/home/qadeem/control/ros2_ws/src/install/local_setup.zsh'
[24.501s] INFO:colcon.colcon_core.shell:Creating prefix chain script '/home/qadeem/control/ros2_ws/src/install/setup.zsh'
