[1.428s] DEBUG:colcon:Command line arguments: ['/usr/bin/colcon', 'build', '--packages-select', 'rfbl_controller']
[1.428s] DEBUG:colcon:Parsed command line arguments: Namespace(log_base=None, log_level=None, verb_name='build', build_base='build', install_base='install', merge_install=False, symlink_install=False, test_result_base=None, continue_on_error=False, executor='parallel', parallel_workers=4, event_handlers=None, ignore_user_meta=False, metas=['./colcon.meta'], base_paths=['.'], packages_ignore=None, packages_ignore_regex=None, paths=None, packages_up_to=None, packages_up_to_regex=None, packages_above=None, packages_above_and_dependencies=None, packages_above_depth=None, packages_select_by_dep=None, packages_skip_by_dep=None, packages_skip_up_to=None, packages_select_build_failed=False, packages_skip_build_finished=False, packages_select_test_failures=False, packages_skip_test_passed=False, packages_select=['rfbl_controller'], packages_skip=None, packages_select_regex=None, packages_skip_regex=None, packages_start=None, packages_end=None, allow_overriding=[], cmake_args=None, cmake_target=None, cmake_target_skip_unavailable=False, cmake_clean_cache=False, cmake_clean_first=False, cmake_force_configure=False, ament_cmake_args=None, catkin_cmake_args=None, catkin_skip_building_tests=False, mixin_files=None, mixin=None, verb_parser=<colcon_mixin.mixin.mixin_argument.MixinArgumentDecorator object at 0x7d2bd8aa9570>, verb_extension=<colcon_core.verb.build.BuildVerb object at 0x7d2bd8b19ea0>, main=<bound method BuildVerb.main of <colcon_core.verb.build.BuildVerb object at 0x7d2bd8b19ea0>>, mixin_verb=('build',))
[1.749s] Level 1:colcon.colcon_core.package_discovery:discover_packages(colcon_meta) check parameters
[1.750s] Level 1:colcon.colcon_core.package_discovery:discover_packages(recursive) check parameters
[1.751s] Level 1:colcon.colcon_core.package_discovery:discover_packages(ignore) check parameters
[1.753s] Level 1:colcon.colcon_core.package_discovery:discover_packages(path) check parameters
[1.754s] Level 1:colcon.colcon_core.package_discovery:discover_packages(colcon_meta) discover
[1.755s] Level 1:colcon.colcon_core.package_discovery:discover_packages(recursive) discover
[1.756s] INFO:colcon.colcon_core.package_discovery:Crawling recursively for packages in '/home/qadeem/control/ros2_ws/src'
[1.757s] Level 1:colcon.colcon_core.package_identification:_identify(.) by extensions ['ignore', 'ignore_ament_install']
[1.759s] Level 1:colcon.colcon_core.package_identification:_identify(.) by extension 'ignore'
[1.759s] Level 1:colcon.colcon_core.package_identification:_identify(.) by extension 'ignore_ament_install'
[1.761s] Level 1:colcon.colcon_core.package_identification:_identify(.) by extensions ['colcon_pkg']
[1.761s] Level 1:colcon.colcon_core.package_identification:_identify(.) by extension 'colcon_pkg'
[1.762s] Level 1:colcon.colcon_core.package_identification:_identify(.) by extensions ['colcon_meta']
[1.763s] Level 1:colcon.colcon_core.package_identification:_identify(.) by extension 'colcon_meta'
[1.765s] Level 1:colcon.colcon_core.package_identification:_identify(.) by extensions ['ros']
[1.765s] Level 1:colcon.colcon_core.package_identification:_identify(.) by extension 'ros'
[1.901s] Level 1:colcon.colcon_core.package_identification:_identify(.) by extensions ['cmake', 'python']
[1.901s] Level 1:colcon.colcon_core.package_identification:_identify(.) by extension 'cmake'
[1.901s] Level 1:colcon.colcon_core.package_identification:_identify(.) by extension 'python'
[1.901s] Level 1:colcon.colcon_core.package_identification:_identify(.) by extensions ['python_setup_py']
[1.901s] Level 1:colcon.colcon_core.package_identification:_identify(.) by extension 'python_setup_py'
[1.902s] Level 1:colcon.colcon_core.package_identification:_identify(build) by extensions ['ignore', 'ignore_ament_install']
[1.902s] Level 1:colcon.colcon_core.package_identification:_identify(build) by extension 'ignore'
[1.902s] Level 1:colcon.colcon_core.package_identification:_identify(build) ignored
[1.902s] Level 1:colcon.colcon_core.package_identification:_identify(install) by extensions ['ignore', 'ignore_ament_install']
[1.902s] Level 1:colcon.colcon_core.package_identification:_identify(install) by extension 'ignore'
[1.903s] Level 1:colcon.colcon_core.package_identification:_identify(install) ignored
[1.903s] Level 1:colcon.colcon_core.package_identification:_identify(log) by extensions ['ignore', 'ignore_ament_install']
[1.904s] Level 1:colcon.colcon_core.package_identification:_identify(log) by extension 'ignore'
[1.906s] Level 1:colcon.colcon_core.package_identification:_identify(log) ignored
[1.911s] Level 1:colcon.colcon_core.package_identification:_identify(rfbl_controller) by extensions ['ignore', 'ignore_ament_install']
[1.914s] Level 1:colcon.colcon_core.package_identification:_identify(rfbl_controller) by extension 'ignore'
[1.918s] Level 1:colcon.colcon_core.package_identification:_identify(rfbl_controller) by extension 'ignore_ament_install'
[1.919s] Level 1:colcon.colcon_core.package_identification:_identify(rfbl_controller) by extensions ['colcon_pkg']
[1.920s] Level 1:colcon.colcon_core.package_identification:_identify(rfbl_controller) by extension 'colcon_pkg'
[1.921s] Level 1:colcon.colcon_core.package_identification:_identify(rfbl_controller) by extensions ['colcon_meta']
[1.921s] Level 1:colcon.colcon_core.package_identification:_identify(rfbl_controller) by extension 'colcon_meta'
[1.921s] Level 1:colcon.colcon_core.package_identification:_identify(rfbl_controller) by extensions ['ros']
[1.921s] Level 1:colcon.colcon_core.package_identification:_identify(rfbl_controller) by extension 'ros'
[1.951s] DEBUG:colcon.colcon_core.package_identification:Package 'rfbl_controller' with type 'ros.ament_python' and name 'rfbl_controller'
[1.953s] Level 1:colcon.colcon_core.package_discovery:discover_packages(recursive) using defaults
[1.954s] Level 1:colcon.colcon_core.package_discovery:discover_packages(ignore) discover
[1.954s] Level 1:colcon.colcon_core.package_discovery:discover_packages(ignore) using defaults
[1.955s] Level 1:colcon.colcon_core.package_discovery:discover_packages(path) discover
[1.956s] Level 1:colcon.colcon_core.package_discovery:discover_packages(path) using defaults
[2.174s] Level 1:colcon.colcon_core.package_discovery:discover_packages(prefix_path) check parameters
[2.175s] Level 1:colcon.colcon_core.package_discovery:discover_packages(prefix_path) discover
[2.204s] DEBUG:colcon.colcon_installed_package_information.package_discovery:Found 1 installed packages in /home/qadeem/control/ros2_ws/install
[2.212s] DEBUG:colcon.colcon_installed_package_information.package_discovery:Found 1 installed packages in /home/qadeem/drone_ws/install
[2.217s] DEBUG:colcon.colcon_installed_package_information.package_discovery:Found 1 installed packages in /home/qadeem/turtlebot3_ws/install
[2.236s] DEBUG:colcon.colcon_installed_package_information.package_discovery:Found 375 installed packages in /opt/ros/humble
[2.256s] Level 1:colcon.colcon_core.package_discovery:discover_packages(prefix_path) using defaults
[2.677s] Level 5:colcon.colcon_core.verb:set package 'rfbl_controller' build argument 'cmake_args' from command line to 'None'
[2.677s] Level 5:colcon.colcon_core.verb:set package 'rfbl_controller' build argument 'cmake_target' from command line to 'None'
[2.678s] Level 5:colcon.colcon_core.verb:set package 'rfbl_controller' build argument 'cmake_target_skip_unavailable' from command line to 'False'
[2.678s] Level 5:colcon.colcon_core.verb:set package 'rfbl_controller' build argument 'cmake_clean_cache' from command line to 'False'
[2.679s] Level 5:colcon.colcon_core.verb:set package 'rfbl_controller' build argument 'cmake_clean_first' from command line to 'False'
[2.679s] Level 5:colcon.colcon_core.verb:set package 'rfbl_controller' build argument 'cmake_force_configure' from command line to 'False'
[2.679s] Level 5:colcon.colcon_core.verb:set package 'rfbl_controller' build argument 'ament_cmake_args' from command line to 'None'
[2.679s] Level 5:colcon.colcon_core.verb:set package 'rfbl_controller' build argument 'catkin_cmake_args' from command line to 'None'
[2.680s] Level 5:colcon.colcon_core.verb:set package 'rfbl_controller' build argument 'catkin_skip_building_tests' from command line to 'False'
[2.681s] DEBUG:colcon.colcon_core.verb:Building package 'rfbl_controller' with the following arguments: {'ament_cmake_args': None, 'build_base': '/home/qadeem/control/ros2_ws/src/build/rfbl_controller', 'catkin_cmake_args': None, 'catkin_skip_building_tests': False, 'cmake_args': None, 'cmake_clean_cache': False, 'cmake_clean_first': False, 'cmake_force_configure': False, 'cmake_target': None, 'cmake_target_skip_unavailable': False, 'install_base': '/home/qadeem/control/ros2_ws/src/install/rfbl_controller', 'merge_install': False, 'path': '/home/qadeem/control/ros2_ws/src/rfbl_controller', 'symlink_install': False, 'test_result_base': None}
[2.682s] INFO:colcon.colcon_core.executor:Executing jobs using 'parallel' executor
[2.687s] DEBUG:colcon.colcon_parallel_executor.executor.parallel:run_until_complete
[2.692s] INFO:colcon.colcon_ros.task.ament_python.build:Building ROS package in '/home/qadeem/control/ros2_ws/src/rfbl_controller' with build type 'ament_python'
[2.696s] Level 1:colcon.colcon_core.shell:create_environment_hook('rfbl_controller', 'ament_prefix_path')
[2.750s] INFO:colcon.colcon_core.plugin_system:Skipping extension 'colcon_core.shell.bat': Not used on non-Windows systems
[2.751s] INFO:colcon.colcon_core.shell:Creating environment hook '/home/qadeem/control/ros2_ws/src/install/rfbl_controller/share/rfbl_controller/hook/ament_prefix_path.ps1'
[2.754s] INFO:colcon.colcon_core.shell:Creating environment descriptor '/home/qadeem/control/ros2_ws/src/install/rfbl_controller/share/rfbl_controller/hook/ament_prefix_path.dsv'
[2.755s] INFO:colcon.colcon_core.shell:Creating environment hook '/home/qadeem/control/ros2_ws/src/install/rfbl_controller/share/rfbl_controller/hook/ament_prefix_path.sh'
[2.758s] INFO:colcon.colcon_core.shell:Skip shell extension 'powershell' for command environment: Not usable outside of PowerShell
[2.758s] DEBUG:colcon.colcon_core.shell:Skip shell extension 'dsv' for command environment
[4.778s] INFO:colcon.colcon_core.task.python.build:Building Python package in '/home/qadeem/control/ros2_ws/src/rfbl_controller'
[4.783s] INFO:colcon.colcon_core.shell:Skip shell extension 'powershell' for command environment: Not usable outside of PowerShell
[4.785s] DEBUG:colcon.colcon_core.shell:Skip shell extension 'dsv' for command environment
[9.913s] DEBUG:colcon.colcon_core.event_handler.log_command:Invoking command in '/home/qadeem/control/ros2_ws/src/rfbl_controller': PYTHONPATH=/home/qadeem/control/ros2_ws/src/build/rfbl_controller/prefix_override:/usr/lib/python3/dist-packages/colcon_core/task/python/colcon_distutils_commands:/home/qadeem/control/ros2_ws/src/install/rfbl_controller/lib/python3.10/site-packages:${PYTHONPATH} /usr/bin/python3 -W ignore:setup.py install is deprecated -W ignore:easy_install command is deprecated setup.py egg_info --egg-base ../build/rfbl_controller build --build-base /home/qadeem/control/ros2_ws/src/build/rfbl_controller/build install --record /home/qadeem/control/ros2_ws/src/build/rfbl_controller/install.log --single-version-externally-managed install_data
[15.514s] DEBUG:colcon.colcon_core.event_handler.log_command:Invoked command in '/home/qadeem/control/ros2_ws/src/rfbl_controller' returned '0': PYTHONPATH=/home/qadeem/control/ros2_ws/src/build/rfbl_controller/prefix_override:/usr/lib/python3/dist-packages/colcon_core/task/python/colcon_distutils_commands:/home/qadeem/control/ros2_ws/src/install/rfbl_controller/lib/python3.10/site-packages:${PYTHONPATH} /usr/bin/python3 -W ignore:setup.py install is deprecated -W ignore:easy_install command is deprecated setup.py egg_info --egg-base ../build/rfbl_controller build --build-base /home/qadeem/control/ros2_ws/src/build/rfbl_controller/build install --record /home/qadeem/control/ros2_ws/src/build/rfbl_controller/install.log --single-version-externally-managed install_data
[15.586s] Level 1:colcon.colcon_core.environment:checking '/home/qadeem/control/ros2_ws/src/install/rfbl_controller' for CMake module files
[15.591s] Level 1:colcon.colcon_core.environment:checking '/home/qadeem/control/ros2_ws/src/install/rfbl_controller' for CMake config files
[15.594s] Level 1:colcon.colcon_core.environment:checking '/home/qadeem/control/ros2_ws/src/install/rfbl_controller/lib'
[15.594s] Level 1:colcon.colcon_core.environment:checking '/home/qadeem/control/ros2_ws/src/install/rfbl_controller/bin'
[15.594s] Level 1:colcon.colcon_core.environment:checking '/home/qadeem/control/ros2_ws/src/install/rfbl_controller/lib/pkgconfig/rfbl_controller.pc'
[15.595s] Level 1:colcon.colcon_core.environment:checking '/home/qadeem/control/ros2_ws/src/install/rfbl_controller/lib/python3.10/site-packages'
[15.596s] Level 1:colcon.colcon_core.shell:create_environment_hook('rfbl_controller', 'pythonpath')
[15.597s] INFO:colcon.colcon_core.shell:Creating environment hook '/home/qadeem/control/ros2_ws/src/install/rfbl_controller/share/rfbl_controller/hook/pythonpath.ps1'
[15.598s] INFO:colcon.colcon_core.shell:Creating environment descriptor '/home/qadeem/control/ros2_ws/src/install/rfbl_controller/share/rfbl_controller/hook/pythonpath.dsv'
[15.600s] INFO:colcon.colcon_core.shell:Creating environment hook '/home/qadeem/control/ros2_ws/src/install/rfbl_controller/share/rfbl_controller/hook/pythonpath.sh'
[15.603s] Level 1:colcon.colcon_core.environment:checking '/home/qadeem/control/ros2_ws/src/install/rfbl_controller/bin'
[15.603s] Level 1:colcon.colcon_core.environment:create_environment_scripts_only(rfbl_controller)
[15.604s] INFO:colcon.colcon_core.shell:Creating package script '/home/qadeem/control/ros2_ws/src/install/rfbl_controller/share/rfbl_controller/package.ps1'
[15.607s] INFO:colcon.colcon_core.shell:Creating package descriptor '/home/qadeem/control/ros2_ws/src/install/rfbl_controller/share/rfbl_controller/package.dsv'
[15.609s] INFO:colcon.colcon_core.shell:Creating package script '/home/qadeem/control/ros2_ws/src/install/rfbl_controller/share/rfbl_controller/package.sh'
[15.618s] INFO:colcon.colcon_core.shell:Creating package script '/home/qadeem/control/ros2_ws/src/install/rfbl_controller/share/rfbl_controller/package.bash'
[15.627s] INFO:colcon.colcon_core.shell:Creating package script '/home/qadeem/control/ros2_ws/src/install/rfbl_controller/share/rfbl_controller/package.zsh'
[15.630s] Level 1:colcon.colcon_core.environment:create_file_with_runtime_dependencies(/home/qadeem/control/ros2_ws/src/install/rfbl_controller/share/colcon-core/packages/rfbl_controller)
[15.631s] DEBUG:colcon.colcon_parallel_executor.executor.parallel:closing loop
[15.632s] DEBUG:colcon.colcon_parallel_executor.executor.parallel:loop closed
[15.633s] DEBUG:colcon.colcon_parallel_executor.executor.parallel:run_until_complete finished with '0'
[15.633s] DEBUG:colcon.colcon_core.event_reactor:joining thread
[15.792s] INFO:colcon.colcon_core.plugin_system:Skipping extension 'colcon_notification.desktop_notification.terminal_notifier': Not used on non-Darwin systems
[15.793s] INFO:colcon.colcon_core.plugin_system:Skipping extension 'colcon_notification.desktop_notification.win32': Not used on non-Windows systems
[15.793s] INFO:colcon.colcon_notification.desktop_notification:Sending desktop notification using 'notify2'
[15.869s] DEBUG:colcon.colcon_core.event_reactor:joined thread
[15.880s] INFO:colcon.colcon_core.shell:Creating prefix script '/home/qadeem/control/ros2_ws/src/install/local_setup.ps1'
[15.888s] INFO:colcon.colcon_core.shell:Creating prefix util module '/home/qadeem/control/ros2_ws/src/install/_local_setup_util_ps1.py'
[15.898s] INFO:colcon.colcon_core.shell:Creating prefix chain script '/home/qadeem/control/ros2_ws/src/install/setup.ps1'
[15.910s] INFO:colcon.colcon_core.shell:Creating prefix script '/home/qadeem/control/ros2_ws/src/install/local_setup.sh'
[15.913s] INFO:colcon.colcon_core.shell:Creating prefix util module '/home/qadeem/control/ros2_ws/src/install/_local_setup_util_sh.py'
[15.915s] INFO:colcon.colcon_core.shell:Creating prefix chain script '/home/qadeem/control/ros2_ws/src/install/setup.sh'
[15.933s] INFO:colcon.colcon_core.shell:Creating prefix script '/home/qadeem/control/ros2_ws/src/install/local_setup.bash'
[15.940s] INFO:colcon.colcon_core.shell:Creating prefix chain script '/home/qadeem/control/ros2_ws/src/install/setup.bash'
[15.950s] INFO:colcon.colcon_core.shell:Creating prefix script '/home/qadeem/control/ros2_ws/src/install/local_setup.zsh'
[15.953s] INFO:colcon.colcon_core.shell:Creating prefix chain script '/home/qadeem/control/ros2_ws/src/install/setup.zsh'
