[1.500s] DEBUG:colcon:Command line arguments: ['/usr/bin/colcon', 'build', '--packages-select', 'rfbl_controller']
[1.500s] DEBUG:colcon:Parsed command line arguments: Namespace(log_base=None, log_level=None, verb_name='build', build_base='build', install_base='install', merge_install=False, symlink_install=False, test_result_base=None, continue_on_error=False, executor='parallel', parallel_workers=4, event_handlers=None, ignore_user_meta=False, metas=['./colcon.meta'], base_paths=['.'], packages_ignore=None, packages_ignore_regex=None, paths=None, packages_up_to=None, packages_up_to_regex=None, packages_above=None, packages_above_and_dependencies=None, packages_above_depth=None, packages_select_by_dep=None, packages_skip_by_dep=None, packages_skip_up_to=None, packages_select_build_failed=False, packages_skip_build_finished=False, packages_select_test_failures=False, packages_skip_test_passed=False, packages_select=['rfbl_controller'], packages_skip=None, packages_select_regex=None, packages_skip_regex=None, packages_start=None, packages_end=None, allow_overriding=[], cmake_args=None, cmake_target=None, cmake_target_skip_unavailable=False, cmake_clean_cache=False, cmake_clean_first=False, cmake_force_configure=False, ament_cmake_args=None, catkin_cmake_args=None, catkin_skip_building_tests=False, mixin_files=None, mixin=None, verb_parser=<colcon_mixin.mixin.mixin_argument.MixinArgumentDecorator object at 0x7efe2f2a90f0>, verb_extension=<colcon_core.verb.build.BuildVerb object at 0x7efe2f31ace0>, main=<bound method BuildVerb.main of <colcon_core.verb.build.BuildVerb object at 0x7efe2f31ace0>>, mixin_verb=('build',))
[1.965s] Level 1:colcon.colcon_core.package_discovery:discover_packages(colcon_meta) check parameters
[1.965s] Level 1:colcon.colcon_core.package_discovery:discover_packages(recursive) check parameters
[1.965s] Level 1:colcon.colcon_core.package_discovery:discover_packages(ignore) check parameters
[1.966s] Level 1:colcon.colcon_core.package_discovery:discover_packages(path) check parameters
[1.966s] Level 1:colcon.colcon_core.package_discovery:discover_packages(colcon_meta) discover
[1.966s] Level 1:colcon.colcon_core.package_discovery:discover_packages(recursive) discover
[1.966s] INFO:colcon.colcon_core.package_discovery:Crawling recursively for packages in '/home/qadeem/control/ros2_ws/src'
[1.966s] Level 1:colcon.colcon_core.package_identification:_identify(.) by extensions ['ignore', 'ignore_ament_install']
[1.966s] Level 1:colcon.colcon_core.package_identification:_identify(.) by extension 'ignore'
[1.967s] Level 1:colcon.colcon_core.package_identification:_identify(.) by extension 'ignore_ament_install'
[1.967s] Level 1:colcon.colcon_core.package_identification:_identify(.) by extensions ['colcon_pkg']
[1.968s] Level 1:colcon.colcon_core.package_identification:_identify(.) by extension 'colcon_pkg'
[1.968s] Level 1:colcon.colcon_core.package_identification:_identify(.) by extensions ['colcon_meta']
[1.968s] Level 1:colcon.colcon_core.package_identification:_identify(.) by extension 'colcon_meta'
[1.968s] Level 1:colcon.colcon_core.package_identification:_identify(.) by extensions ['ros']
[1.968s] Level 1:colcon.colcon_core.package_identification:_identify(.) by extension 'ros'
[2.091s] Level 1:colcon.colcon_core.package_identification:_identify(.) by extensions ['cmake', 'python']
[2.092s] Level 1:colcon.colcon_core.package_identification:_identify(.) by extension 'cmake'
[2.092s] Level 1:colcon.colcon_core.package_identification:_identify(.) by extension 'python'
[2.092s] Level 1:colcon.colcon_core.package_identification:_identify(.) by extensions ['python_setup_py']
[2.092s] Level 1:colcon.colcon_core.package_identification:_identify(.) by extension 'python_setup_py'
[2.092s] Level 1:colcon.colcon_core.package_identification:_identify(build) by extensions ['ignore', 'ignore_ament_install']
[2.093s] Level 1:colcon.colcon_core.package_identification:_identify(build) by extension 'ignore'
[2.093s] Level 1:colcon.colcon_core.package_identification:_identify(build) ignored
[2.094s] Level 1:colcon.colcon_core.package_identification:_identify(install) by extensions ['ignore', 'ignore_ament_install']
[2.095s] Level 1:colcon.colcon_core.package_identification:_identify(install) by extension 'ignore'
[2.095s] Level 1:colcon.colcon_core.package_identification:_identify(install) ignored
[2.097s] Level 1:colcon.colcon_core.package_identification:_identify(log) by extensions ['ignore', 'ignore_ament_install']
[2.100s] Level 1:colcon.colcon_core.package_identification:_identify(log) by extension 'ignore'
[2.103s] Level 1:colcon.colcon_core.package_identification:_identify(log) ignored
[2.105s] Level 1:colcon.colcon_core.package_identification:_identify(rfbl_controller) by extensions ['ignore', 'ignore_ament_install']
[2.106s] Level 1:colcon.colcon_core.package_identification:_identify(rfbl_controller) by extension 'ignore'
[2.108s] Level 1:colcon.colcon_core.package_identification:_identify(rfbl_controller) by extension 'ignore_ament_install'
[2.110s] Level 1:colcon.colcon_core.package_identification:_identify(rfbl_controller) by extensions ['colcon_pkg']
[2.111s] Level 1:colcon.colcon_core.package_identification:_identify(rfbl_controller) by extension 'colcon_pkg'
[2.112s] Level 1:colcon.colcon_core.package_identification:_identify(rfbl_controller) by extensions ['colcon_meta']
[2.112s] Level 1:colcon.colcon_core.package_identification:_identify(rfbl_controller) by extension 'colcon_meta'
[2.112s] Level 1:colcon.colcon_core.package_identification:_identify(rfbl_controller) by extensions ['ros']
[2.112s] Level 1:colcon.colcon_core.package_identification:_identify(rfbl_controller) by extension 'ros'
[2.123s] DEBUG:colcon.colcon_core.package_identification:Package 'rfbl_controller' with type 'ros.ament_python' and name 'rfbl_controller'
[2.124s] Level 1:colcon.colcon_core.package_discovery:discover_packages(recursive) using defaults
[2.126s] Level 1:colcon.colcon_core.package_discovery:discover_packages(ignore) discover
[2.129s] Level 1:colcon.colcon_core.package_discovery:discover_packages(ignore) using defaults
[2.129s] Level 1:colcon.colcon_core.package_discovery:discover_packages(path) discover
[2.130s] Level 1:colcon.colcon_core.package_discovery:discover_packages(path) using defaults
[2.284s] Level 1:colcon.colcon_core.package_discovery:discover_packages(prefix_path) check parameters
[2.284s] Level 1:colcon.colcon_core.package_discovery:discover_packages(prefix_path) discover
[2.312s] DEBUG:colcon.colcon_installed_package_information.package_discovery:Found 1 installed packages in /home/qadeem/control/ros2_ws/install
[2.318s] DEBUG:colcon.colcon_installed_package_information.package_discovery:Found 1 installed packages in /home/qadeem/drone_ws/install
[2.322s] DEBUG:colcon.colcon_installed_package_information.package_discovery:Found 1 installed packages in /home/qadeem/turtlebot3_ws/install
[2.324s] DEBUG:colcon.colcon_installed_package_information.package_discovery:Found 1 installed packages in /home/qadeem/control/ros2_ws/src/install
[2.330s] DEBUG:colcon.colcon_installed_package_information.package_discovery:Found 375 installed packages in /opt/ros/humble
[2.344s] Level 1:colcon.colcon_core.package_discovery:discover_packages(prefix_path) using defaults
[2.730s] Level 5:colcon.colcon_core.verb:set package 'rfbl_controller' build argument 'cmake_args' from command line to 'None'
[2.730s] Level 5:colcon.colcon_core.verb:set package 'rfbl_controller' build argument 'cmake_target' from command line to 'None'
[2.730s] Level 5:colcon.colcon_core.verb:set package 'rfbl_controller' build argument 'cmake_target_skip_unavailable' from command line to 'False'
[2.730s] Level 5:colcon.colcon_core.verb:set package 'rfbl_controller' build argument 'cmake_clean_cache' from command line to 'False'
[2.730s] Level 5:colcon.colcon_core.verb:set package 'rfbl_controller' build argument 'cmake_clean_first' from command line to 'False'
[2.730s] Level 5:colcon.colcon_core.verb:set package 'rfbl_controller' build argument 'cmake_force_configure' from command line to 'False'
[2.730s] Level 5:colcon.colcon_core.verb:set package 'rfbl_controller' build argument 'ament_cmake_args' from command line to 'None'
[2.730s] Level 5:colcon.colcon_core.verb:set package 'rfbl_controller' build argument 'catkin_cmake_args' from command line to 'None'
[2.731s] Level 5:colcon.colcon_core.verb:set package 'rfbl_controller' build argument 'catkin_skip_building_tests' from command line to 'False'
[2.731s] DEBUG:colcon.colcon_core.verb:Building package 'rfbl_controller' with the following arguments: {'ament_cmake_args': None, 'build_base': '/home/qadeem/control/ros2_ws/src/build/rfbl_controller', 'catkin_cmake_args': None, 'catkin_skip_building_tests': False, 'cmake_args': None, 'cmake_clean_cache': False, 'cmake_clean_first': False, 'cmake_force_configure': False, 'cmake_target': None, 'cmake_target_skip_unavailable': False, 'install_base': '/home/qadeem/control/ros2_ws/src/install/rfbl_controller', 'merge_install': False, 'path': '/home/qadeem/control/ros2_ws/src/rfbl_controller', 'symlink_install': False, 'test_result_base': None}
[2.731s] INFO:colcon.colcon_core.executor:Executing jobs using 'parallel' executor
[2.751s] DEBUG:colcon.colcon_parallel_executor.executor.parallel:run_until_complete
[2.752s] INFO:colcon.colcon_ros.task.ament_python.build:Building ROS package in '/home/qadeem/control/ros2_ws/src/rfbl_controller' with build type 'ament_python'
[2.757s] Level 1:colcon.colcon_core.shell:create_environment_hook('rfbl_controller', 'ament_prefix_path')
[2.793s] INFO:colcon.colcon_core.plugin_system:Skipping extension 'colcon_core.shell.bat': Not used on non-Windows systems
[2.795s] INFO:colcon.colcon_core.shell:Creating environment hook '/home/qadeem/control/ros2_ws/src/install/rfbl_controller/share/rfbl_controller/hook/ament_prefix_path.ps1'
[2.799s] INFO:colcon.colcon_core.shell:Creating environment descriptor '/home/qadeem/control/ros2_ws/src/install/rfbl_controller/share/rfbl_controller/hook/ament_prefix_path.dsv'
[2.800s] INFO:colcon.colcon_core.shell:Creating environment hook '/home/qadeem/control/ros2_ws/src/install/rfbl_controller/share/rfbl_controller/hook/ament_prefix_path.sh'
[2.803s] INFO:colcon.colcon_core.shell:Skip shell extension 'powershell' for command environment: Not usable outside of PowerShell
[2.803s] DEBUG:colcon.colcon_core.shell:Skip shell extension 'dsv' for command environment
[5.074s] INFO:colcon.colcon_core.task.python.build:Building Python package in '/home/qadeem/control/ros2_ws/src/rfbl_controller'
[5.076s] INFO:colcon.colcon_core.shell:Skip shell extension 'powershell' for command environment: Not usable outside of PowerShell
[5.083s] DEBUG:colcon.colcon_core.shell:Skip shell extension 'dsv' for command environment
[10.922s] DEBUG:colcon.colcon_core.event_handler.log_command:Invoking command in '/home/qadeem/control/ros2_ws/src/rfbl_controller': PYTHONPATH=/home/qadeem/control/ros2_ws/src/build/rfbl_controller/prefix_override:/usr/lib/python3/dist-packages/colcon_core/task/python/colcon_distutils_commands:/home/qadeem/control/ros2_ws/src/install/rfbl_controller/lib/python3.10/site-packages:${PYTHONPATH} /usr/bin/python3 -W ignore:setup.py install is deprecated -W ignore:easy_install command is deprecated setup.py egg_info --egg-base ../build/rfbl_controller build --build-base /home/qadeem/control/ros2_ws/src/build/rfbl_controller/build install --record /home/qadeem/control/ros2_ws/src/build/rfbl_controller/install.log --single-version-externally-managed install_data
[18.906s] DEBUG:colcon.colcon_core.event_handler.log_command:Invoked command in '/home/qadeem/control/ros2_ws/src/rfbl_controller' returned '0': PYTHONPATH=/home/qadeem/control/ros2_ws/src/build/rfbl_controller/prefix_override:/usr/lib/python3/dist-packages/colcon_core/task/python/colcon_distutils_commands:/home/qadeem/control/ros2_ws/src/install/rfbl_controller/lib/python3.10/site-packages:${PYTHONPATH} /usr/bin/python3 -W ignore:setup.py install is deprecated -W ignore:easy_install command is deprecated setup.py egg_info --egg-base ../build/rfbl_controller build --build-base /home/qadeem/control/ros2_ws/src/build/rfbl_controller/build install --record /home/qadeem/control/ros2_ws/src/build/rfbl_controller/install.log --single-version-externally-managed install_data
[18.938s] Level 1:colcon.colcon_core.environment:checking '/home/qadeem/control/ros2_ws/src/install/rfbl_controller' for CMake module files
[18.944s] Level 1:colcon.colcon_core.environment:checking '/home/qadeem/control/ros2_ws/src/install/rfbl_controller' for CMake config files
[18.953s] Level 1:colcon.colcon_core.environment:checking '/home/qadeem/control/ros2_ws/src/install/rfbl_controller/lib'
[18.958s] Level 1:colcon.colcon_core.environment:checking '/home/qadeem/control/ros2_ws/src/install/rfbl_controller/bin'
[18.961s] Level 1:colcon.colcon_core.environment:checking '/home/qadeem/control/ros2_ws/src/install/rfbl_controller/lib/pkgconfig/rfbl_controller.pc'
[18.964s] Level 1:colcon.colcon_core.environment:checking '/home/qadeem/control/ros2_ws/src/install/rfbl_controller/lib/python3.10/site-packages'
[18.970s] Level 1:colcon.colcon_core.shell:create_environment_hook('rfbl_controller', 'pythonpath')
[18.976s] INFO:colcon.colcon_core.shell:Creating environment hook '/home/qadeem/control/ros2_ws/src/install/rfbl_controller/share/rfbl_controller/hook/pythonpath.ps1'
[18.987s] INFO:colcon.colcon_core.shell:Creating environment descriptor '/home/qadeem/control/ros2_ws/src/install/rfbl_controller/share/rfbl_controller/hook/pythonpath.dsv'
[18.988s] INFO:colcon.colcon_core.shell:Creating environment hook '/home/qadeem/control/ros2_ws/src/install/rfbl_controller/share/rfbl_controller/hook/pythonpath.sh'
[19.000s] Level 1:colcon.colcon_core.environment:checking '/home/qadeem/control/ros2_ws/src/install/rfbl_controller/bin'
[19.001s] Level 1:colcon.colcon_core.environment:create_environment_scripts_only(rfbl_controller)
[19.007s] INFO:colcon.colcon_core.shell:Creating package script '/home/qadeem/control/ros2_ws/src/install/rfbl_controller/share/rfbl_controller/package.ps1'
[19.028s] INFO:colcon.colcon_core.shell:Creating package descriptor '/home/qadeem/control/ros2_ws/src/install/rfbl_controller/share/rfbl_controller/package.dsv'
[19.038s] INFO:colcon.colcon_core.shell:Creating package script '/home/qadeem/control/ros2_ws/src/install/rfbl_controller/share/rfbl_controller/package.sh'
[19.044s] INFO:colcon.colcon_core.shell:Creating package script '/home/qadeem/control/ros2_ws/src/install/rfbl_controller/share/rfbl_controller/package.bash'
[19.055s] INFO:colcon.colcon_core.shell:Creating package script '/home/qadeem/control/ros2_ws/src/install/rfbl_controller/share/rfbl_controller/package.zsh'
[19.063s] Level 1:colcon.colcon_core.environment:create_file_with_runtime_dependencies(/home/qadeem/control/ros2_ws/src/install/rfbl_controller/share/colcon-core/packages/rfbl_controller)
[19.068s] DEBUG:colcon.colcon_parallel_executor.executor.parallel:closing loop
[19.068s] DEBUG:colcon.colcon_parallel_executor.executor.parallel:loop closed
[19.068s] DEBUG:colcon.colcon_parallel_executor.executor.parallel:run_until_complete finished with '0'
[19.068s] DEBUG:colcon.colcon_core.event_reactor:joining thread
[19.218s] INFO:colcon.colcon_core.plugin_system:Skipping extension 'colcon_notification.desktop_notification.terminal_notifier': Not used on non-Darwin systems
[19.219s] INFO:colcon.colcon_core.plugin_system:Skipping extension 'colcon_notification.desktop_notification.win32': Not used on non-Windows systems
[19.220s] INFO:colcon.colcon_notification.desktop_notification:Sending desktop notification using 'notify2'
[19.338s] DEBUG:colcon.colcon_core.event_reactor:joined thread
[19.349s] INFO:colcon.colcon_core.shell:Creating prefix script '/home/qadeem/control/ros2_ws/src/install/local_setup.ps1'
[19.368s] INFO:colcon.colcon_core.shell:Creating prefix util module '/home/qadeem/control/ros2_ws/src/install/_local_setup_util_ps1.py'
[19.391s] INFO:colcon.colcon_core.shell:Creating prefix chain script '/home/qadeem/control/ros2_ws/src/install/setup.ps1'
[19.418s] INFO:colcon.colcon_core.shell:Creating prefix script '/home/qadeem/control/ros2_ws/src/install/local_setup.sh'
[19.433s] INFO:colcon.colcon_core.shell:Creating prefix util module '/home/qadeem/control/ros2_ws/src/install/_local_setup_util_sh.py'
[19.453s] INFO:colcon.colcon_core.shell:Creating prefix chain script '/home/qadeem/control/ros2_ws/src/install/setup.sh'
[19.477s] INFO:colcon.colcon_core.shell:Creating prefix script '/home/qadeem/control/ros2_ws/src/install/local_setup.bash'
[19.492s] INFO:colcon.colcon_core.shell:Creating prefix chain script '/home/qadeem/control/ros2_ws/src/install/setup.bash'
[19.503s] INFO:colcon.colcon_core.shell:Creating prefix script '/home/qadeem/control/ros2_ws/src/install/local_setup.zsh'
[19.510s] INFO:colcon.colcon_core.shell:Creating prefix chain script '/home/qadeem/control/ros2_ws/src/install/setup.zsh'
