[1.973s] DEBUG:colcon:Command line arguments: ['/usr/bin/colcon', 'build', '--packages-select', 'rfbl_controller']
[1.974s] DEBUG:colcon:Parsed command line arguments: Namespace(log_base=None, log_level=None, verb_name='build', build_base='build', install_base='install', merge_install=False, symlink_install=False, test_result_base=None, continue_on_error=False, executor='parallel', parallel_workers=4, event_handlers=None, ignore_user_meta=False, metas=['./colcon.meta'], base_paths=['.'], packages_ignore=None, packages_ignore_regex=None, paths=None, packages_up_to=None, packages_up_to_regex=None, packages_above=None, packages_above_and_dependencies=None, packages_above_depth=None, packages_select_by_dep=None, packages_skip_by_dep=None, packages_skip_up_to=None, packages_select_build_failed=False, packages_skip_build_finished=False, packages_select_test_failures=False, packages_skip_test_passed=False, packages_select=['rfbl_controller'], packages_skip=None, packages_select_regex=None, packages_skip_regex=None, packages_start=None, packages_end=None, allow_overriding=[], cmake_args=None, cmake_target=None, cmake_target_skip_unavailable=False, cmake_clean_cache=False, cmake_clean_first=False, cmake_force_configure=False, ament_cmake_args=None, catkin_cmake_args=None, catkin_skip_building_tests=False, mixin_files=None, mixin=None, verb_parser=<colcon_mixin.mixin.mixin_argument.MixinArgumentDecorator object at 0x7ed9b3ea50f0>, verb_extension=<colcon_core.verb.build.BuildVerb object at 0x7ed9b3f16ce0>, main=<bound method BuildVerb.main of <colcon_core.verb.build.BuildVerb object at 0x7ed9b3f16ce0>>, mixin_verb=('build',))
[2.564s] Level 1:colcon.colcon_core.package_discovery:discover_packages(colcon_meta) check parameters
[2.565s] Level 1:colcon.colcon_core.package_discovery:discover_packages(recursive) check parameters
[2.566s] Level 1:colcon.colcon_core.package_discovery:discover_packages(ignore) check parameters
[2.566s] Level 1:colcon.colcon_core.package_discovery:discover_packages(path) check parameters
[2.566s] Level 1:colcon.colcon_core.package_discovery:discover_packages(colcon_meta) discover
[2.567s] Level 1:colcon.colcon_core.package_discovery:discover_packages(recursive) discover
[2.568s] INFO:colcon.colcon_core.package_discovery:Crawling recursively for packages in '/home/qadeem/control/ros2_ws'
[2.570s] Level 1:colcon.colcon_core.package_identification:_identify(.) by extensions ['ignore', 'ignore_ament_install']
[2.572s] Level 1:colcon.colcon_core.package_identification:_identify(.) by extension 'ignore'
[2.574s] Level 1:colcon.colcon_core.package_identification:_identify(.) by extension 'ignore_ament_install'
[2.575s] Level 1:colcon.colcon_core.package_identification:_identify(.) by extensions ['colcon_pkg']
[2.575s] Level 1:colcon.colcon_core.package_identification:_identify(.) by extension 'colcon_pkg'
[2.576s] Level 1:colcon.colcon_core.package_identification:_identify(.) by extensions ['colcon_meta']
[2.577s] Level 1:colcon.colcon_core.package_identification:_identify(.) by extension 'colcon_meta'
[2.577s] Level 1:colcon.colcon_core.package_identification:_identify(.) by extensions ['ros']
[2.578s] Level 1:colcon.colcon_core.package_identification:_identify(.) by extension 'ros'
[2.715s] Level 1:colcon.colcon_core.package_identification:_identify(.) by extensions ['cmake', 'python']
[2.715s] Level 1:colcon.colcon_core.package_identification:_identify(.) by extension 'cmake'
[2.715s] Level 1:colcon.colcon_core.package_identification:_identify(.) by extension 'python'
[2.717s] Level 1:colcon.colcon_core.package_identification:_identify(.) by extensions ['python_setup_py']
[2.717s] Level 1:colcon.colcon_core.package_identification:_identify(.) by extension 'python_setup_py'
[2.718s] Level 1:colcon.colcon_core.package_identification:_identify(build) by extensions ['ignore', 'ignore_ament_install']
[2.718s] Level 1:colcon.colcon_core.package_identification:_identify(build) by extension 'ignore'
[2.718s] Level 1:colcon.colcon_core.package_identification:_identify(build) ignored
[2.719s] Level 1:colcon.colcon_core.package_identification:_identify(install) by extensions ['ignore', 'ignore_ament_install']
[2.724s] Level 1:colcon.colcon_core.package_identification:_identify(install) by extension 'ignore'
[2.727s] Level 1:colcon.colcon_core.package_identification:_identify(install) ignored
[2.729s] Level 1:colcon.colcon_core.package_identification:_identify(log) by extensions ['ignore', 'ignore_ament_install']
[2.730s] Level 1:colcon.colcon_core.package_identification:_identify(log) by extension 'ignore'
[2.731s] Level 1:colcon.colcon_core.package_identification:_identify(log) ignored
[2.732s] Level 1:colcon.colcon_core.package_identification:_identify(src) by extensions ['ignore', 'ignore_ament_install']
[2.733s] Level 1:colcon.colcon_core.package_identification:_identify(src) by extension 'ignore'
[2.733s] Level 1:colcon.colcon_core.package_identification:_identify(src) by extension 'ignore_ament_install'
[2.734s] Level 1:colcon.colcon_core.package_identification:_identify(src) by extensions ['colcon_pkg']
[2.734s] Level 1:colcon.colcon_core.package_identification:_identify(src) by extension 'colcon_pkg'
[2.734s] Level 1:colcon.colcon_core.package_identification:_identify(src) by extensions ['colcon_meta']
[2.734s] Level 1:colcon.colcon_core.package_identification:_identify(src) by extension 'colcon_meta'
[2.734s] Level 1:colcon.colcon_core.package_identification:_identify(src) by extensions ['ros']
[2.734s] Level 1:colcon.colcon_core.package_identification:_identify(src) by extension 'ros'
[2.734s] Level 1:colcon.colcon_core.package_identification:_identify(src) by extensions ['cmake', 'python']
[2.735s] Level 1:colcon.colcon_core.package_identification:_identify(src) by extension 'cmake'
[2.735s] Level 1:colcon.colcon_core.package_identification:_identify(src) by extension 'python'
[2.735s] Level 1:colcon.colcon_core.package_identification:_identify(src) by extensions ['python_setup_py']
[2.735s] Level 1:colcon.colcon_core.package_identification:_identify(src) by extension 'python_setup_py'
[2.735s] Level 1:colcon.colcon_core.package_identification:_identify(src/rfbl_controller) by extensions ['ignore', 'ignore_ament_install']
[2.736s] Level 1:colcon.colcon_core.package_identification:_identify(src/rfbl_controller) by extension 'ignore'
[2.736s] Level 1:colcon.colcon_core.package_identification:_identify(src/rfbl_controller) by extension 'ignore_ament_install'
[2.736s] Level 1:colcon.colcon_core.package_identification:_identify(src/rfbl_controller) by extensions ['colcon_pkg']
[2.736s] Level 1:colcon.colcon_core.package_identification:_identify(src/rfbl_controller) by extension 'colcon_pkg'
[2.736s] Level 1:colcon.colcon_core.package_identification:_identify(src/rfbl_controller) by extensions ['colcon_meta']
[2.736s] Level 1:colcon.colcon_core.package_identification:_identify(src/rfbl_controller) by extension 'colcon_meta'
[2.737s] Level 1:colcon.colcon_core.package_identification:_identify(src/rfbl_controller) by extensions ['ros']
[2.737s] Level 1:colcon.colcon_core.package_identification:_identify(src/rfbl_controller) by extension 'ros'
[2.797s] DEBUG:colcon.colcon_core.package_identification:Package 'src/rfbl_controller' with type 'ros.ament_python' and name 'rfbl_controller'
[2.798s] Level 1:colcon.colcon_core.package_discovery:discover_packages(recursive) using defaults
[2.800s] Level 1:colcon.colcon_core.package_discovery:discover_packages(ignore) discover
[2.800s] Level 1:colcon.colcon_core.package_discovery:discover_packages(ignore) using defaults
[2.801s] Level 1:colcon.colcon_core.package_discovery:discover_packages(path) discover
[2.801s] Level 1:colcon.colcon_core.package_discovery:discover_packages(path) using defaults
[3.043s] Level 1:colcon.colcon_core.package_discovery:discover_packages(prefix_path) check parameters
[3.043s] Level 1:colcon.colcon_core.package_discovery:discover_packages(prefix_path) discover
[3.076s] DEBUG:colcon.colcon_installed_package_information.package_discovery:Found 1 installed packages in /home/qadeem/control/ros2_ws/install
[3.084s] DEBUG:colcon.colcon_installed_package_information.package_discovery:Found 1 installed packages in /home/qadeem/drone_ws/install
[3.087s] DEBUG:colcon.colcon_installed_package_information.package_discovery:Found 1 installed packages in /home/qadeem/turtlebot3_ws/install
[3.103s] DEBUG:colcon.colcon_installed_package_information.package_discovery:Found 375 installed packages in /opt/ros/humble
[3.123s] Level 1:colcon.colcon_core.package_discovery:discover_packages(prefix_path) using defaults
[3.840s] Level 5:colcon.colcon_core.verb:set package 'rfbl_controller' build argument 'cmake_args' from command line to 'None'
[3.841s] Level 5:colcon.colcon_core.verb:set package 'rfbl_controller' build argument 'cmake_target' from command line to 'None'
[3.841s] Level 5:colcon.colcon_core.verb:set package 'rfbl_controller' build argument 'cmake_target_skip_unavailable' from command line to 'False'
[3.842s] Level 5:colcon.colcon_core.verb:set package 'rfbl_controller' build argument 'cmake_clean_cache' from command line to 'False'
[3.842s] Level 5:colcon.colcon_core.verb:set package 'rfbl_controller' build argument 'cmake_clean_first' from command line to 'False'
[3.843s] Level 5:colcon.colcon_core.verb:set package 'rfbl_controller' build argument 'cmake_force_configure' from command line to 'False'
[3.844s] Level 5:colcon.colcon_core.verb:set package 'rfbl_controller' build argument 'ament_cmake_args' from command line to 'None'
[3.845s] Level 5:colcon.colcon_core.verb:set package 'rfbl_controller' build argument 'catkin_cmake_args' from command line to 'None'
[3.846s] Level 5:colcon.colcon_core.verb:set package 'rfbl_controller' build argument 'catkin_skip_building_tests' from command line to 'False'
[3.848s] DEBUG:colcon.colcon_core.verb:Building package 'rfbl_controller' with the following arguments: {'ament_cmake_args': None, 'build_base': '/home/qadeem/control/ros2_ws/build/rfbl_controller', 'catkin_cmake_args': None, 'catkin_skip_building_tests': False, 'cmake_args': None, 'cmake_clean_cache': False, 'cmake_clean_first': False, 'cmake_force_configure': False, 'cmake_target': None, 'cmake_target_skip_unavailable': False, 'install_base': '/home/qadeem/control/ros2_ws/install/rfbl_controller', 'merge_install': False, 'path': '/home/qadeem/control/ros2_ws/src/rfbl_controller', 'symlink_install': False, 'test_result_base': None}
[3.850s] INFO:colcon.colcon_core.executor:Executing jobs using 'parallel' executor
[3.858s] DEBUG:colcon.colcon_parallel_executor.executor.parallel:run_until_complete
[3.858s] INFO:colcon.colcon_ros.task.ament_python.build:Building ROS package in '/home/qadeem/control/ros2_ws/src/rfbl_controller' with build type 'ament_python'
[3.859s] Level 1:colcon.colcon_core.shell:create_environment_hook('rfbl_controller', 'ament_prefix_path')
[3.924s] INFO:colcon.colcon_core.plugin_system:Skipping extension 'colcon_core.shell.bat': Not used on non-Windows systems
[3.927s] INFO:colcon.colcon_core.shell:Creating environment hook '/home/qadeem/control/ros2_ws/install/rfbl_controller/share/rfbl_controller/hook/ament_prefix_path.ps1'
[3.951s] INFO:colcon.colcon_core.shell:Creating environment descriptor '/home/qadeem/control/ros2_ws/install/rfbl_controller/share/rfbl_controller/hook/ament_prefix_path.dsv'
[3.953s] INFO:colcon.colcon_core.shell:Creating environment hook '/home/qadeem/control/ros2_ws/install/rfbl_controller/share/rfbl_controller/hook/ament_prefix_path.sh'
[3.959s] INFO:colcon.colcon_core.shell:Skip shell extension 'powershell' for command environment: Not usable outside of PowerShell
[3.960s] DEBUG:colcon.colcon_core.shell:Skip shell extension 'dsv' for command environment
[6.869s] INFO:colcon.colcon_core.task.python.build:Building Python package in '/home/qadeem/control/ros2_ws/src/rfbl_controller'
[6.871s] INFO:colcon.colcon_core.shell:Skip shell extension 'powershell' for command environment: Not usable outside of PowerShell
[6.871s] DEBUG:colcon.colcon_core.shell:Skip shell extension 'dsv' for command environment
[13.722s] DEBUG:colcon.colcon_core.event_handler.log_command:Invoking command in '/home/qadeem/control/ros2_ws/src/rfbl_controller': PYTHONPATH=/home/qadeem/control/ros2_ws/build/rfbl_controller/prefix_override:/usr/lib/python3/dist-packages/colcon_core/task/python/colcon_distutils_commands:/home/qadeem/control/ros2_ws/install/rfbl_controller/lib/python3.10/site-packages:${PYTHONPATH} /usr/bin/python3 -W ignore:setup.py install is deprecated -W ignore:easy_install command is deprecated setup.py egg_info --egg-base ../../build/rfbl_controller build --build-base /home/qadeem/control/ros2_ws/build/rfbl_controller/build install --record /home/qadeem/control/ros2_ws/build/rfbl_controller/install.log --single-version-externally-managed install_data
[21.982s] DEBUG:colcon.colcon_core.event_handler.log_command:Invoked command in '/home/qadeem/control/ros2_ws/src/rfbl_controller' returned '0': PYTHONPATH=/home/qadeem/control/ros2_ws/build/rfbl_controller/prefix_override:/usr/lib/python3/dist-packages/colcon_core/task/python/colcon_distutils_commands:/home/qadeem/control/ros2_ws/install/rfbl_controller/lib/python3.10/site-packages:${PYTHONPATH} /usr/bin/python3 -W ignore:setup.py install is deprecated -W ignore:easy_install command is deprecated setup.py egg_info --egg-base ../../build/rfbl_controller build --build-base /home/qadeem/control/ros2_ws/build/rfbl_controller/build install --record /home/qadeem/control/ros2_ws/build/rfbl_controller/install.log --single-version-externally-managed install_data
[22.026s] Level 1:colcon.colcon_core.environment:checking '/home/qadeem/control/ros2_ws/install/rfbl_controller' for CMake module files
[22.030s] Level 1:colcon.colcon_core.environment:checking '/home/qadeem/control/ros2_ws/install/rfbl_controller' for CMake config files
[22.031s] Level 1:colcon.colcon_core.environment:checking '/home/qadeem/control/ros2_ws/install/rfbl_controller/lib'
[22.032s] Level 1:colcon.colcon_core.environment:checking '/home/qadeem/control/ros2_ws/install/rfbl_controller/bin'
[22.032s] Level 1:colcon.colcon_core.environment:checking '/home/qadeem/control/ros2_ws/install/rfbl_controller/lib/pkgconfig/rfbl_controller.pc'
[22.033s] Level 1:colcon.colcon_core.environment:checking '/home/qadeem/control/ros2_ws/install/rfbl_controller/lib/python3.10/site-packages'
[22.034s] Level 1:colcon.colcon_core.shell:create_environment_hook('rfbl_controller', 'pythonpath')
[22.038s] INFO:colcon.colcon_core.shell:Creating environment hook '/home/qadeem/control/ros2_ws/install/rfbl_controller/share/rfbl_controller/hook/pythonpath.ps1'
[22.045s] INFO:colcon.colcon_core.shell:Creating environment descriptor '/home/qadeem/control/ros2_ws/install/rfbl_controller/share/rfbl_controller/hook/pythonpath.dsv'
[22.050s] INFO:colcon.colcon_core.shell:Creating environment hook '/home/qadeem/control/ros2_ws/install/rfbl_controller/share/rfbl_controller/hook/pythonpath.sh'
[22.054s] Level 1:colcon.colcon_core.environment:checking '/home/qadeem/control/ros2_ws/install/rfbl_controller/bin'
[22.054s] Level 1:colcon.colcon_core.environment:create_environment_scripts_only(rfbl_controller)
[22.055s] INFO:colcon.colcon_core.shell:Creating package script '/home/qadeem/control/ros2_ws/install/rfbl_controller/share/rfbl_controller/package.ps1'
[22.068s] INFO:colcon.colcon_core.shell:Creating package descriptor '/home/qadeem/control/ros2_ws/install/rfbl_controller/share/rfbl_controller/package.dsv'
[22.073s] INFO:colcon.colcon_core.shell:Creating package script '/home/qadeem/control/ros2_ws/install/rfbl_controller/share/rfbl_controller/package.sh'
[22.084s] INFO:colcon.colcon_core.shell:Creating package script '/home/qadeem/control/ros2_ws/install/rfbl_controller/share/rfbl_controller/package.bash'
[22.089s] INFO:colcon.colcon_core.shell:Creating package script '/home/qadeem/control/ros2_ws/install/rfbl_controller/share/rfbl_controller/package.zsh'
[22.100s] Level 1:colcon.colcon_core.environment:create_file_with_runtime_dependencies(/home/qadeem/control/ros2_ws/install/rfbl_controller/share/colcon-core/packages/rfbl_controller)
[22.105s] DEBUG:colcon.colcon_parallel_executor.executor.parallel:closing loop
[22.105s] DEBUG:colcon.colcon_parallel_executor.executor.parallel:loop closed
[22.105s] DEBUG:colcon.colcon_parallel_executor.executor.parallel:run_until_complete finished with '0'
[22.105s] DEBUG:colcon.colcon_core.event_reactor:joining thread
[22.274s] INFO:colcon.colcon_core.plugin_system:Skipping extension 'colcon_notification.desktop_notification.terminal_notifier': Not used on non-Darwin systems
[22.276s] INFO:colcon.colcon_core.plugin_system:Skipping extension 'colcon_notification.desktop_notification.win32': Not used on non-Windows systems
[22.278s] INFO:colcon.colcon_notification.desktop_notification:Sending desktop notification using 'notify2'
[22.403s] DEBUG:colcon.colcon_core.event_reactor:joined thread
[22.404s] INFO:colcon.colcon_core.shell:Creating prefix script '/home/qadeem/control/ros2_ws/install/local_setup.ps1'
[22.424s] INFO:colcon.colcon_core.shell:Creating prefix util module '/home/qadeem/control/ros2_ws/install/_local_setup_util_ps1.py'
[22.449s] INFO:colcon.colcon_core.shell:Creating prefix chain script '/home/qadeem/control/ros2_ws/install/setup.ps1'
[22.455s] INFO:colcon.colcon_core.shell:Creating prefix script '/home/qadeem/control/ros2_ws/install/local_setup.sh'
[22.469s] INFO:colcon.colcon_core.shell:Creating prefix util module '/home/qadeem/control/ros2_ws/install/_local_setup_util_sh.py'
[22.484s] INFO:colcon.colcon_core.shell:Creating prefix chain script '/home/qadeem/control/ros2_ws/install/setup.sh'
[22.496s] INFO:colcon.colcon_core.shell:Creating prefix script '/home/qadeem/control/ros2_ws/install/local_setup.bash'
[22.503s] INFO:colcon.colcon_core.shell:Creating prefix chain script '/home/qadeem/control/ros2_ws/install/setup.bash'
[22.510s] INFO:colcon.colcon_core.shell:Creating prefix script '/home/qadeem/control/ros2_ws/install/local_setup.zsh'
[22.512s] INFO:colcon.colcon_core.shell:Creating prefix chain script '/home/qadeem/control/ros2_ws/install/setup.zsh'
