[1.850s] DEBUG:colcon:Command line arguments: ['/usr/bin/colcon', 'build', '--packages-select', 'rfbl_controller']
[1.851s] DEBUG:colcon:Parsed command line arguments: Namespace(log_base=None, log_level=None, verb_name='build', build_base='build', install_base='install', merge_install=False, symlink_install=False, test_result_base=None, continue_on_error=False, executor='parallel', parallel_workers=4, event_handlers=None, ignore_user_meta=False, metas=['./colcon.meta'], base_paths=['.'], packages_ignore=None, packages_ignore_regex=None, paths=None, packages_up_to=None, packages_up_to_regex=None, packages_above=None, packages_above_and_dependencies=None, packages_above_depth=None, packages_select_by_dep=None, packages_skip_by_dep=None, packages_skip_up_to=None, packages_select_build_failed=False, packages_skip_build_finished=False, packages_select_test_failures=False, packages_skip_test_passed=False, packages_select=['rfbl_controller'], packages_skip=None, packages_select_regex=None, packages_skip_regex=None, packages_start=None, packages_end=None, allow_overriding=[], cmake_args=None, cmake_target=None, cmake_target_skip_unavailable=False, cmake_clean_cache=False, cmake_clean_first=False, cmake_force_configure=False, ament_cmake_args=None, catkin_cmake_args=None, catkin_skip_building_tests=False, mixin_files=None, mixin=None, verb_parser=<colcon_mixin.mixin.mixin_argument.MixinArgumentDecorator object at 0x7e24078a10f0>, verb_extension=<colcon_core.verb.build.BuildVerb object at 0x7e2407912ce0>, main=<bound method BuildVerb.main of <colcon_core.verb.build.BuildVerb object at 0x7e2407912ce0>>, mixin_verb=('build',))
[2.260s] Level 1:colcon.colcon_core.package_discovery:discover_packages(colcon_meta) check parameters
[2.261s] Level 1:colcon.colcon_core.package_discovery:discover_packages(recursive) check parameters
[2.262s] Level 1:colcon.colcon_core.package_discovery:discover_packages(ignore) check parameters
[2.263s] Level 1:colcon.colcon_core.package_discovery:discover_packages(path) check parameters
[2.264s] Level 1:colcon.colcon_core.package_discovery:discover_packages(colcon_meta) discover
[2.265s] Level 1:colcon.colcon_core.package_discovery:discover_packages(recursive) discover
[2.265s] INFO:colcon.colcon_core.package_discovery:Crawling recursively for packages in '/home/qadeem/control/ros2_ws'
[2.266s] Level 1:colcon.colcon_core.package_identification:_identify(.) by extensions ['ignore', 'ignore_ament_install']
[2.267s] Level 1:colcon.colcon_core.package_identification:_identify(.) by extension 'ignore'
[2.267s] Level 1:colcon.colcon_core.package_identification:_identify(.) by extension 'ignore_ament_install'
[2.268s] Level 1:colcon.colcon_core.package_identification:_identify(.) by extensions ['colcon_pkg']
[2.268s] Level 1:colcon.colcon_core.package_identification:_identify(.) by extension 'colcon_pkg'
[2.269s] Level 1:colcon.colcon_core.package_identification:_identify(.) by extensions ['colcon_meta']
[2.269s] Level 1:colcon.colcon_core.package_identification:_identify(.) by extension 'colcon_meta'
[2.269s] Level 1:colcon.colcon_core.package_identification:_identify(.) by extensions ['ros']
[2.271s] Level 1:colcon.colcon_core.package_identification:_identify(.) by extension 'ros'
[2.407s] Level 1:colcon.colcon_core.package_identification:_identify(.) by extensions ['cmake', 'python']
[2.407s] Level 1:colcon.colcon_core.package_identification:_identify(.) by extension 'cmake'
[2.408s] Level 1:colcon.colcon_core.package_identification:_identify(.) by extension 'python'
[2.410s] Level 1:colcon.colcon_core.package_identification:_identify(.) by extensions ['python_setup_py']
[2.410s] Level 1:colcon.colcon_core.package_identification:_identify(.) by extension 'python_setup_py'
[2.414s] Level 1:colcon.colcon_core.package_identification:_identify(build) by extensions ['ignore', 'ignore_ament_install']
[2.416s] Level 1:colcon.colcon_core.package_identification:_identify(build) by extension 'ignore'
[2.418s] Level 1:colcon.colcon_core.package_identification:_identify(build) ignored
[2.422s] Level 1:colcon.colcon_core.package_identification:_identify(install) by extensions ['ignore', 'ignore_ament_install']
[2.424s] Level 1:colcon.colcon_core.package_identification:_identify(install) by extension 'ignore'
[2.426s] Level 1:colcon.colcon_core.package_identification:_identify(install) ignored
[2.427s] Level 1:colcon.colcon_core.package_identification:_identify(log) by extensions ['ignore', 'ignore_ament_install']
[2.428s] Level 1:colcon.colcon_core.package_identification:_identify(log) by extension 'ignore'
[2.429s] Level 1:colcon.colcon_core.package_identification:_identify(log) ignored
[2.430s] Level 1:colcon.colcon_core.package_identification:_identify(src) by extensions ['ignore', 'ignore_ament_install']
[2.432s] Level 1:colcon.colcon_core.package_identification:_identify(src) by extension 'ignore'
[2.432s] Level 1:colcon.colcon_core.package_identification:_identify(src) by extension 'ignore_ament_install'
[2.433s] Level 1:colcon.colcon_core.package_identification:_identify(src) by extensions ['colcon_pkg']
[2.434s] Level 1:colcon.colcon_core.package_identification:_identify(src) by extension 'colcon_pkg'
[2.435s] Level 1:colcon.colcon_core.package_identification:_identify(src) by extensions ['colcon_meta']
[2.437s] Level 1:colcon.colcon_core.package_identification:_identify(src) by extension 'colcon_meta'
[2.438s] Level 1:colcon.colcon_core.package_identification:_identify(src) by extensions ['ros']
[2.439s] Level 1:colcon.colcon_core.package_identification:_identify(src) by extension 'ros'
[2.441s] Level 1:colcon.colcon_core.package_identification:_identify(src) by extensions ['cmake', 'python']
[2.442s] Level 1:colcon.colcon_core.package_identification:_identify(src) by extension 'cmake'
[2.443s] Level 1:colcon.colcon_core.package_identification:_identify(src) by extension 'python'
[2.443s] Level 1:colcon.colcon_core.package_identification:_identify(src) by extensions ['python_setup_py']
[2.444s] Level 1:colcon.colcon_core.package_identification:_identify(src) by extension 'python_setup_py'
[2.445s] Level 1:colcon.colcon_core.package_identification:_identify(src/rfbl_controller) by extensions ['ignore', 'ignore_ament_install']
[2.446s] Level 1:colcon.colcon_core.package_identification:_identify(src/rfbl_controller) by extension 'ignore'
[2.448s] Level 1:colcon.colcon_core.package_identification:_identify(src/rfbl_controller) by extension 'ignore_ament_install'
[2.449s] Level 1:colcon.colcon_core.package_identification:_identify(src/rfbl_controller) by extensions ['colcon_pkg']
[2.449s] Level 1:colcon.colcon_core.package_identification:_identify(src/rfbl_controller) by extension 'colcon_pkg'
[2.450s] Level 1:colcon.colcon_core.package_identification:_identify(src/rfbl_controller) by extensions ['colcon_meta']
[2.451s] Level 1:colcon.colcon_core.package_identification:_identify(src/rfbl_controller) by extension 'colcon_meta'
[2.454s] Level 1:colcon.colcon_core.package_identification:_identify(src/rfbl_controller) by extensions ['ros']
[2.455s] Level 1:colcon.colcon_core.package_identification:_identify(src/rfbl_controller) by extension 'ros'
[2.497s] DEBUG:colcon.colcon_core.package_identification:Package 'src/rfbl_controller' with type 'ros.ament_python' and name 'rfbl_controller'
[2.498s] Level 1:colcon.colcon_core.package_discovery:discover_packages(recursive) using defaults
[2.498s] Level 1:colcon.colcon_core.package_discovery:discover_packages(ignore) discover
[2.498s] Level 1:colcon.colcon_core.package_discovery:discover_packages(ignore) using defaults
[2.498s] Level 1:colcon.colcon_core.package_discovery:discover_packages(path) discover
[2.498s] Level 1:colcon.colcon_core.package_discovery:discover_packages(path) using defaults
[2.690s] Level 1:colcon.colcon_core.package_discovery:discover_packages(prefix_path) check parameters
[2.690s] Level 1:colcon.colcon_core.package_discovery:discover_packages(prefix_path) discover
[2.720s] DEBUG:colcon.colcon_installed_package_information.package_discovery:Found 1 installed packages in /home/qadeem/control/ros2_ws/install
[2.725s] DEBUG:colcon.colcon_installed_package_information.package_discovery:Found 1 installed packages in /home/qadeem/drone_ws/install
[2.732s] DEBUG:colcon.colcon_installed_package_information.package_discovery:Found 1 installed packages in /home/qadeem/turtlebot3_ws/install
[2.752s] DEBUG:colcon.colcon_installed_package_information.package_discovery:Found 375 installed packages in /opt/ros/humble
[2.783s] Level 1:colcon.colcon_core.package_discovery:discover_packages(prefix_path) using defaults
[3.370s] Level 5:colcon.colcon_core.verb:set package 'rfbl_controller' build argument 'cmake_args' from command line to 'None'
[3.373s] Level 5:colcon.colcon_core.verb:set package 'rfbl_controller' build argument 'cmake_target' from command line to 'None'
[3.373s] Level 5:colcon.colcon_core.verb:set package 'rfbl_controller' build argument 'cmake_target_skip_unavailable' from command line to 'False'
[3.374s] Level 5:colcon.colcon_core.verb:set package 'rfbl_controller' build argument 'cmake_clean_cache' from command line to 'False'
[3.374s] Level 5:colcon.colcon_core.verb:set package 'rfbl_controller' build argument 'cmake_clean_first' from command line to 'False'
[3.375s] Level 5:colcon.colcon_core.verb:set package 'rfbl_controller' build argument 'cmake_force_configure' from command line to 'False'
[3.375s] Level 5:colcon.colcon_core.verb:set package 'rfbl_controller' build argument 'ament_cmake_args' from command line to 'None'
[3.376s] Level 5:colcon.colcon_core.verb:set package 'rfbl_controller' build argument 'catkin_cmake_args' from command line to 'None'
[3.377s] Level 5:colcon.colcon_core.verb:set package 'rfbl_controller' build argument 'catkin_skip_building_tests' from command line to 'False'
[3.379s] DEBUG:colcon.colcon_core.verb:Building package 'rfbl_controller' with the following arguments: {'ament_cmake_args': None, 'build_base': '/home/qadeem/control/ros2_ws/build/rfbl_controller', 'catkin_cmake_args': None, 'catkin_skip_building_tests': False, 'cmake_args': None, 'cmake_clean_cache': False, 'cmake_clean_first': False, 'cmake_force_configure': False, 'cmake_target': None, 'cmake_target_skip_unavailable': False, 'install_base': '/home/qadeem/control/ros2_ws/install/rfbl_controller', 'merge_install': False, 'path': '/home/qadeem/control/ros2_ws/src/rfbl_controller', 'symlink_install': False, 'test_result_base': None}
[3.379s] INFO:colcon.colcon_core.executor:Executing jobs using 'parallel' executor
[3.391s] DEBUG:colcon.colcon_parallel_executor.executor.parallel:run_until_complete
[3.394s] INFO:colcon.colcon_ros.task.ament_python.build:Building ROS package in '/home/qadeem/control/ros2_ws/src/rfbl_controller' with build type 'ament_python'
[3.398s] Level 1:colcon.colcon_core.shell:create_environment_hook('rfbl_controller', 'ament_prefix_path')
[3.459s] INFO:colcon.colcon_core.plugin_system:Skipping extension 'colcon_core.shell.bat': Not used on non-Windows systems
[3.460s] INFO:colcon.colcon_core.shell:Creating environment hook '/home/qadeem/control/ros2_ws/install/rfbl_controller/share/rfbl_controller/hook/ament_prefix_path.ps1'
[3.462s] INFO:colcon.colcon_core.shell:Creating environment descriptor '/home/qadeem/control/ros2_ws/install/rfbl_controller/share/rfbl_controller/hook/ament_prefix_path.dsv'
[3.464s] INFO:colcon.colcon_core.shell:Creating environment hook '/home/qadeem/control/ros2_ws/install/rfbl_controller/share/rfbl_controller/hook/ament_prefix_path.sh'
[3.470s] INFO:colcon.colcon_core.shell:Skip shell extension 'powershell' for command environment: Not usable outside of PowerShell
[3.471s] DEBUG:colcon.colcon_core.shell:Skip shell extension 'dsv' for command environment
[6.099s] INFO:colcon.colcon_core.task.python.build:Building Python package in '/home/qadeem/control/ros2_ws/src/rfbl_controller'
[6.100s] INFO:colcon.colcon_core.shell:Skip shell extension 'powershell' for command environment: Not usable outside of PowerShell
[6.100s] DEBUG:colcon.colcon_core.shell:Skip shell extension 'dsv' for command environment
[13.157s] DEBUG:colcon.colcon_core.event_handler.log_command:Invoking command in '/home/qadeem/control/ros2_ws/src/rfbl_controller': PYTHONPATH=/home/qadeem/control/ros2_ws/build/rfbl_controller/prefix_override:/usr/lib/python3/dist-packages/colcon_core/task/python/colcon_distutils_commands:/home/qadeem/control/ros2_ws/install/rfbl_controller/lib/python3.10/site-packages:${PYTHONPATH} /usr/bin/python3 -W ignore:setup.py install is deprecated -W ignore:easy_install command is deprecated setup.py egg_info --egg-base ../../build/rfbl_controller build --build-base /home/qadeem/control/ros2_ws/build/rfbl_controller/build install --record /home/qadeem/control/ros2_ws/build/rfbl_controller/install.log --single-version-externally-managed install_data
[20.852s] DEBUG:colcon.colcon_core.event_handler.log_command:Invoked command in '/home/qadeem/control/ros2_ws/src/rfbl_controller' returned '0': PYTHONPATH=/home/qadeem/control/ros2_ws/build/rfbl_controller/prefix_override:/usr/lib/python3/dist-packages/colcon_core/task/python/colcon_distutils_commands:/home/qadeem/control/ros2_ws/install/rfbl_controller/lib/python3.10/site-packages:${PYTHONPATH} /usr/bin/python3 -W ignore:setup.py install is deprecated -W ignore:easy_install command is deprecated setup.py egg_info --egg-base ../../build/rfbl_controller build --build-base /home/qadeem/control/ros2_ws/build/rfbl_controller/build install --record /home/qadeem/control/ros2_ws/build/rfbl_controller/install.log --single-version-externally-managed install_data
[20.914s] Level 1:colcon.colcon_core.environment:checking '/home/qadeem/control/ros2_ws/install/rfbl_controller' for CMake module files
[20.932s] Level 1:colcon.colcon_core.environment:checking '/home/qadeem/control/ros2_ws/install/rfbl_controller' for CMake config files
[20.948s] Level 1:colcon.colcon_core.environment:checking '/home/qadeem/control/ros2_ws/install/rfbl_controller/lib'
[20.949s] Level 1:colcon.colcon_core.environment:checking '/home/qadeem/control/ros2_ws/install/rfbl_controller/bin'
[20.949s] Level 1:colcon.colcon_core.environment:checking '/home/qadeem/control/ros2_ws/install/rfbl_controller/lib/pkgconfig/rfbl_controller.pc'
[20.950s] Level 1:colcon.colcon_core.environment:checking '/home/qadeem/control/ros2_ws/install/rfbl_controller/lib/python3.10/site-packages'
[20.950s] Level 1:colcon.colcon_core.shell:create_environment_hook('rfbl_controller', 'pythonpath')
[20.950s] INFO:colcon.colcon_core.shell:Creating environment hook '/home/qadeem/control/ros2_ws/install/rfbl_controller/share/rfbl_controller/hook/pythonpath.ps1'
[20.959s] INFO:colcon.colcon_core.shell:Creating environment descriptor '/home/qadeem/control/ros2_ws/install/rfbl_controller/share/rfbl_controller/hook/pythonpath.dsv'
[20.967s] INFO:colcon.colcon_core.shell:Creating environment hook '/home/qadeem/control/ros2_ws/install/rfbl_controller/share/rfbl_controller/hook/pythonpath.sh'
[20.984s] Level 1:colcon.colcon_core.environment:checking '/home/qadeem/control/ros2_ws/install/rfbl_controller/bin'
[20.985s] Level 1:colcon.colcon_core.environment:create_environment_scripts_only(rfbl_controller)
[20.995s] INFO:colcon.colcon_core.shell:Creating package script '/home/qadeem/control/ros2_ws/install/rfbl_controller/share/rfbl_controller/package.ps1'
[21.008s] INFO:colcon.colcon_core.shell:Creating package descriptor '/home/qadeem/control/ros2_ws/install/rfbl_controller/share/rfbl_controller/package.dsv'
[21.013s] INFO:colcon.colcon_core.shell:Creating package script '/home/qadeem/control/ros2_ws/install/rfbl_controller/share/rfbl_controller/package.sh'
[21.025s] INFO:colcon.colcon_core.shell:Creating package script '/home/qadeem/control/ros2_ws/install/rfbl_controller/share/rfbl_controller/package.bash'
[21.034s] INFO:colcon.colcon_core.shell:Creating package script '/home/qadeem/control/ros2_ws/install/rfbl_controller/share/rfbl_controller/package.zsh'
[21.049s] Level 1:colcon.colcon_core.environment:create_file_with_runtime_dependencies(/home/qadeem/control/ros2_ws/install/rfbl_controller/share/colcon-core/packages/rfbl_controller)
[21.050s] DEBUG:colcon.colcon_parallel_executor.executor.parallel:closing loop
[21.051s] DEBUG:colcon.colcon_parallel_executor.executor.parallel:loop closed
[21.051s] DEBUG:colcon.colcon_parallel_executor.executor.parallel:run_until_complete finished with '0'
[21.051s] DEBUG:colcon.colcon_core.event_reactor:joining thread
[21.328s] INFO:colcon.colcon_core.plugin_system:Skipping extension 'colcon_notification.desktop_notification.terminal_notifier': Not used on non-Darwin systems
[21.328s] INFO:colcon.colcon_core.plugin_system:Skipping extension 'colcon_notification.desktop_notification.win32': Not used on non-Windows systems
[21.329s] INFO:colcon.colcon_notification.desktop_notification:Sending desktop notification using 'notify2'
[21.483s] DEBUG:colcon.colcon_core.event_reactor:joined thread
[21.484s] INFO:colcon.colcon_core.shell:Creating prefix script '/home/qadeem/control/ros2_ws/install/local_setup.ps1'
[21.498s] INFO:colcon.colcon_core.shell:Creating prefix util module '/home/qadeem/control/ros2_ws/install/_local_setup_util_ps1.py'
[21.514s] INFO:colcon.colcon_core.shell:Creating prefix chain script '/home/qadeem/control/ros2_ws/install/setup.ps1'
[21.524s] INFO:colcon.colcon_core.shell:Creating prefix script '/home/qadeem/control/ros2_ws/install/local_setup.sh'
[21.529s] INFO:colcon.colcon_core.shell:Creating prefix util module '/home/qadeem/control/ros2_ws/install/_local_setup_util_sh.py'
[21.538s] INFO:colcon.colcon_core.shell:Creating prefix chain script '/home/qadeem/control/ros2_ws/install/setup.sh'
[21.546s] INFO:colcon.colcon_core.shell:Creating prefix script '/home/qadeem/control/ros2_ws/install/local_setup.bash'
[21.547s] INFO:colcon.colcon_core.shell:Creating prefix chain script '/home/qadeem/control/ros2_ws/install/setup.bash'
[21.553s] INFO:colcon.colcon_core.shell:Creating prefix script '/home/qadeem/control/ros2_ws/install/local_setup.zsh'
[21.555s] INFO:colcon.colcon_core.shell:Creating prefix chain script '/home/qadeem/control/ros2_ws/install/setup.zsh'
