[1.463s] DEBUG:colcon:Command line arguments: ['/usr/bin/colcon', 'build', '--packages-select', 'rfbl_controller']
[1.463s] DEBUG:colcon:Parsed command line arguments: Namespace(log_base=None, log_level=None, verb_name='build', build_base='build', install_base='install', merge_install=False, symlink_install=False, test_result_base=None, continue_on_error=False, executor='parallel', parallel_workers=4, event_handlers=None, ignore_user_meta=False, metas=['./colcon.meta'], base_paths=['.'], packages_ignore=None, packages_ignore_regex=None, paths=None, packages_up_to=None, packages_up_to_regex=None, packages_above=None, packages_above_and_dependencies=None, packages_above_depth=None, packages_select_by_dep=None, packages_skip_by_dep=None, packages_skip_up_to=None, packages_select_build_failed=False, packages_skip_build_finished=False, packages_select_test_failures=False, packages_skip_test_passed=False, packages_select=['rfbl_controller'], packages_skip=None, packages_select_regex=None, packages_skip_regex=None, packages_start=None, packages_end=None, allow_overriding=[], cmake_args=None, cmake_target=None, cmake_target_skip_unavailable=False, cmake_clean_cache=False, cmake_clean_first=False, cmake_force_configure=False, ament_cmake_args=None, catkin_cmake_args=None, catkin_skip_building_tests=False, mixin_files=None, mixin=None, verb_parser=<colcon_mixin.mixin.mixin_argument.MixinArgumentDecorator object at 0x7aecfaca90f0>, verb_extension=<colcon_core.verb.build.BuildVerb object at 0x7aecfad1ace0>, main=<bound method BuildVerb.main of <colcon_core.verb.build.BuildVerb object at 0x7aecfad1ace0>>, mixin_verb=('build',))
[1.828s] Level 1:colcon.colcon_core.package_discovery:discover_packages(colcon_meta) check parameters
[1.829s] Level 1:colcon.colcon_core.package_discovery:discover_packages(recursive) check parameters
[1.829s] Level 1:colcon.colcon_core.package_discovery:discover_packages(ignore) check parameters
[1.829s] Level 1:colcon.colcon_core.package_discovery:discover_packages(path) check parameters
[1.830s] Level 1:colcon.colcon_core.package_discovery:discover_packages(colcon_meta) discover
[1.832s] Level 1:colcon.colcon_core.package_discovery:discover_packages(recursive) discover
[1.834s] INFO:colcon.colcon_core.package_discovery:Crawling recursively for packages in '/home/qadeem/control/ros2_ws'
[1.836s] Level 1:colcon.colcon_core.package_identification:_identify(.) by extensions ['ignore', 'ignore_ament_install']
[1.839s] Level 1:colcon.colcon_core.package_identification:_identify(.) by extension 'ignore'
[1.839s] Level 1:colcon.colcon_core.package_identification:_identify(.) by extension 'ignore_ament_install'
[1.841s] Level 1:colcon.colcon_core.package_identification:_identify(.) by extensions ['colcon_pkg']
[1.841s] Level 1:colcon.colcon_core.package_identification:_identify(.) by extension 'colcon_pkg'
[1.843s] Level 1:colcon.colcon_core.package_identification:_identify(.) by extensions ['colcon_meta']
[1.844s] Level 1:colcon.colcon_core.package_identification:_identify(.) by extension 'colcon_meta'
[1.846s] Level 1:colcon.colcon_core.package_identification:_identify(.) by extensions ['ros']
[1.850s] Level 1:colcon.colcon_core.package_identification:_identify(.) by extension 'ros'
[2.013s] Level 1:colcon.colcon_core.package_identification:_identify(.) by extensions ['cmake', 'python']
[2.014s] Level 1:colcon.colcon_core.package_identification:_identify(.) by extension 'cmake'
[2.015s] Level 1:colcon.colcon_core.package_identification:_identify(.) by extension 'python'
[2.016s] Level 1:colcon.colcon_core.package_identification:_identify(.) by extensions ['python_setup_py']
[2.017s] Level 1:colcon.colcon_core.package_identification:_identify(.) by extension 'python_setup_py'
[2.018s] Level 1:colcon.colcon_core.package_identification:_identify(build) by extensions ['ignore', 'ignore_ament_install']
[2.019s] Level 1:colcon.colcon_core.package_identification:_identify(build) by extension 'ignore'
[2.019s] Level 1:colcon.colcon_core.package_identification:_identify(build) ignored
[2.019s] Level 1:colcon.colcon_core.package_identification:_identify(install) by extensions ['ignore', 'ignore_ament_install']
[2.020s] Level 1:colcon.colcon_core.package_identification:_identify(install) by extension 'ignore'
[2.020s] Level 1:colcon.colcon_core.package_identification:_identify(install) ignored
[2.024s] Level 1:colcon.colcon_core.package_identification:_identify(log) by extensions ['ignore', 'ignore_ament_install']
[2.026s] Level 1:colcon.colcon_core.package_identification:_identify(log) by extension 'ignore'
[2.027s] Level 1:colcon.colcon_core.package_identification:_identify(log) ignored
[2.030s] Level 1:colcon.colcon_core.package_identification:_identify(src) by extensions ['ignore', 'ignore_ament_install']
[2.031s] Level 1:colcon.colcon_core.package_identification:_identify(src) by extension 'ignore'
[2.032s] Level 1:colcon.colcon_core.package_identification:_identify(src) by extension 'ignore_ament_install'
[2.034s] Level 1:colcon.colcon_core.package_identification:_identify(src) by extensions ['colcon_pkg']
[2.034s] Level 1:colcon.colcon_core.package_identification:_identify(src) by extension 'colcon_pkg'
[2.034s] Level 1:colcon.colcon_core.package_identification:_identify(src) by extensions ['colcon_meta']
[2.034s] Level 1:colcon.colcon_core.package_identification:_identify(src) by extension 'colcon_meta'
[2.034s] Level 1:colcon.colcon_core.package_identification:_identify(src) by extensions ['ros']
[2.034s] Level 1:colcon.colcon_core.package_identification:_identify(src) by extension 'ros'
[2.034s] Level 1:colcon.colcon_core.package_identification:_identify(src) by extensions ['cmake', 'python']
[2.034s] Level 1:colcon.colcon_core.package_identification:_identify(src) by extension 'cmake'
[2.035s] Level 1:colcon.colcon_core.package_identification:_identify(src) by extension 'python'
[2.035s] Level 1:colcon.colcon_core.package_identification:_identify(src) by extensions ['python_setup_py']
[2.035s] Level 1:colcon.colcon_core.package_identification:_identify(src) by extension 'python_setup_py'
[2.035s] Level 1:colcon.colcon_core.package_identification:_identify(src/rfbl_controller) by extensions ['ignore', 'ignore_ament_install']
[2.035s] Level 1:colcon.colcon_core.package_identification:_identify(src/rfbl_controller) by extension 'ignore'
[2.035s] Level 1:colcon.colcon_core.package_identification:_identify(src/rfbl_controller) by extension 'ignore_ament_install'
[2.036s] Level 1:colcon.colcon_core.package_identification:_identify(src/rfbl_controller) by extensions ['colcon_pkg']
[2.036s] Level 1:colcon.colcon_core.package_identification:_identify(src/rfbl_controller) by extension 'colcon_pkg'
[2.036s] Level 1:colcon.colcon_core.package_identification:_identify(src/rfbl_controller) by extensions ['colcon_meta']
[2.036s] Level 1:colcon.colcon_core.package_identification:_identify(src/rfbl_controller) by extension 'colcon_meta'
[2.036s] Level 1:colcon.colcon_core.package_identification:_identify(src/rfbl_controller) by extensions ['ros']
[2.036s] Level 1:colcon.colcon_core.package_identification:_identify(src/rfbl_controller) by extension 'ros'
[2.057s] DEBUG:colcon.colcon_core.package_identification:Package 'src/rfbl_controller' with type 'ros.ament_python' and name 'rfbl_controller'
[2.057s] Level 1:colcon.colcon_core.package_discovery:discover_packages(recursive) using defaults
[2.058s] Level 1:colcon.colcon_core.package_discovery:discover_packages(ignore) discover
[2.059s] Level 1:colcon.colcon_core.package_discovery:discover_packages(ignore) using defaults
[2.062s] Level 1:colcon.colcon_core.package_discovery:discover_packages(path) discover
[2.063s] Level 1:colcon.colcon_core.package_discovery:discover_packages(path) using defaults
[2.278s] Level 1:colcon.colcon_core.package_discovery:discover_packages(prefix_path) check parameters
[2.278s] Level 1:colcon.colcon_core.package_discovery:discover_packages(prefix_path) discover
[2.288s] DEBUG:colcon.colcon_installed_package_information.package_discovery:Found 1 installed packages in /home/qadeem/control/ros2_ws/install
[2.289s] DEBUG:colcon.colcon_installed_package_information.package_discovery:Found 1 installed packages in /home/qadeem/drone_ws/install
[2.290s] DEBUG:colcon.colcon_installed_package_information.package_discovery:Found 1 installed packages in /home/qadeem/turtlebot3_ws/install
[2.307s] DEBUG:colcon.colcon_installed_package_information.package_discovery:Found 375 installed packages in /opt/ros/humble
[2.337s] Level 1:colcon.colcon_core.package_discovery:discover_packages(prefix_path) using defaults
[2.866s] Level 5:colcon.colcon_core.verb:set package 'rfbl_controller' build argument 'cmake_args' from command line to 'None'
[2.867s] Level 5:colcon.colcon_core.verb:set package 'rfbl_controller' build argument 'cmake_target' from command line to 'None'
[2.867s] Level 5:colcon.colcon_core.verb:set package 'rfbl_controller' build argument 'cmake_target_skip_unavailable' from command line to 'False'
[2.868s] Level 5:colcon.colcon_core.verb:set package 'rfbl_controller' build argument 'cmake_clean_cache' from command line to 'False'
[2.869s] Level 5:colcon.colcon_core.verb:set package 'rfbl_controller' build argument 'cmake_clean_first' from command line to 'False'
[2.869s] Level 5:colcon.colcon_core.verb:set package 'rfbl_controller' build argument 'cmake_force_configure' from command line to 'False'
[2.870s] Level 5:colcon.colcon_core.verb:set package 'rfbl_controller' build argument 'ament_cmake_args' from command line to 'None'
[2.870s] Level 5:colcon.colcon_core.verb:set package 'rfbl_controller' build argument 'catkin_cmake_args' from command line to 'None'
[2.871s] Level 5:colcon.colcon_core.verb:set package 'rfbl_controller' build argument 'catkin_skip_building_tests' from command line to 'False'
[2.871s] DEBUG:colcon.colcon_core.verb:Building package 'rfbl_controller' with the following arguments: {'ament_cmake_args': None, 'build_base': '/home/qadeem/control/ros2_ws/build/rfbl_controller', 'catkin_cmake_args': None, 'catkin_skip_building_tests': False, 'cmake_args': None, 'cmake_clean_cache': False, 'cmake_clean_first': False, 'cmake_force_configure': False, 'cmake_target': None, 'cmake_target_skip_unavailable': False, 'install_base': '/home/qadeem/control/ros2_ws/install/rfbl_controller', 'merge_install': False, 'path': '/home/qadeem/control/ros2_ws/src/rfbl_controller', 'symlink_install': False, 'test_result_base': None}
[2.871s] INFO:colcon.colcon_core.executor:Executing jobs using 'parallel' executor
[2.874s] DEBUG:colcon.colcon_parallel_executor.executor.parallel:run_until_complete
[2.874s] INFO:colcon.colcon_ros.task.ament_python.build:Building ROS package in '/home/qadeem/control/ros2_ws/src/rfbl_controller' with build type 'ament_python'
[2.875s] Level 1:colcon.colcon_core.shell:create_environment_hook('rfbl_controller', 'ament_prefix_path')
[2.935s] INFO:colcon.colcon_core.plugin_system:Skipping extension 'colcon_core.shell.bat': Not used on non-Windows systems
[2.937s] INFO:colcon.colcon_core.shell:Creating environment hook '/home/qadeem/control/ros2_ws/install/rfbl_controller/share/rfbl_controller/hook/ament_prefix_path.ps1'
[2.940s] INFO:colcon.colcon_core.shell:Creating environment descriptor '/home/qadeem/control/ros2_ws/install/rfbl_controller/share/rfbl_controller/hook/ament_prefix_path.dsv'
[2.942s] INFO:colcon.colcon_core.shell:Creating environment hook '/home/qadeem/control/ros2_ws/install/rfbl_controller/share/rfbl_controller/hook/ament_prefix_path.sh'
[2.950s] INFO:colcon.colcon_core.shell:Skip shell extension 'powershell' for command environment: Not usable outside of PowerShell
[2.952s] DEBUG:colcon.colcon_core.shell:Skip shell extension 'dsv' for command environment
[4.882s] INFO:colcon.colcon_core.task.python.build:Building Python package in '/home/qadeem/control/ros2_ws/src/rfbl_controller'
[4.883s] INFO:colcon.colcon_core.shell:Skip shell extension 'powershell' for command environment: Not usable outside of PowerShell
[4.883s] DEBUG:colcon.colcon_core.shell:Skip shell extension 'dsv' for command environment
[5.624s] DEBUG:colcon.colcon_core.event_handler.log_command:Invoking command in '/home/qadeem/control/ros2_ws/src/rfbl_controller': PYTHONPATH=/home/qadeem/control/ros2_ws/build/rfbl_controller/prefix_override:/usr/lib/python3/dist-packages/colcon_core/task/python/colcon_distutils_commands:/home/qadeem/control/ros2_ws/install/rfbl_controller/lib/python3.10/site-packages:${PYTHONPATH} /usr/bin/python3 -W ignore:setup.py install is deprecated -W ignore:easy_install command is deprecated setup.py egg_info --egg-base ../../build/rfbl_controller build --build-base /home/qadeem/control/ros2_ws/build/rfbl_controller/build install --record /home/qadeem/control/ros2_ws/build/rfbl_controller/install.log --single-version-externally-managed install_data
[6.378s] DEBUG:colcon.colcon_core.event_handler.log_command:Invoked command in '/home/qadeem/control/ros2_ws/src/rfbl_controller' returned '0': PYTHONPATH=/home/qadeem/control/ros2_ws/build/rfbl_controller/prefix_override:/usr/lib/python3/dist-packages/colcon_core/task/python/colcon_distutils_commands:/home/qadeem/control/ros2_ws/install/rfbl_controller/lib/python3.10/site-packages:${PYTHONPATH} /usr/bin/python3 -W ignore:setup.py install is deprecated -W ignore:easy_install command is deprecated setup.py egg_info --egg-base ../../build/rfbl_controller build --build-base /home/qadeem/control/ros2_ws/build/rfbl_controller/build install --record /home/qadeem/control/ros2_ws/build/rfbl_controller/install.log --single-version-externally-managed install_data
[6.385s] Level 1:colcon.colcon_core.environment:checking '/home/qadeem/control/ros2_ws/install/rfbl_controller' for CMake module files
[6.386s] Level 1:colcon.colcon_core.environment:checking '/home/qadeem/control/ros2_ws/install/rfbl_controller' for CMake config files
[6.387s] Level 1:colcon.colcon_core.environment:checking '/home/qadeem/control/ros2_ws/install/rfbl_controller/lib'
[6.388s] Level 1:colcon.colcon_core.environment:checking '/home/qadeem/control/ros2_ws/install/rfbl_controller/bin'
[6.388s] Level 1:colcon.colcon_core.environment:checking '/home/qadeem/control/ros2_ws/install/rfbl_controller/lib/pkgconfig/rfbl_controller.pc'
[6.388s] Level 1:colcon.colcon_core.environment:checking '/home/qadeem/control/ros2_ws/install/rfbl_controller/lib/python3.10/site-packages'
[6.388s] Level 1:colcon.colcon_core.shell:create_environment_hook('rfbl_controller', 'pythonpath')
[6.389s] INFO:colcon.colcon_core.shell:Creating environment hook '/home/qadeem/control/ros2_ws/install/rfbl_controller/share/rfbl_controller/hook/pythonpath.ps1'
[6.389s] INFO:colcon.colcon_core.shell:Creating environment descriptor '/home/qadeem/control/ros2_ws/install/rfbl_controller/share/rfbl_controller/hook/pythonpath.dsv'
[6.390s] INFO:colcon.colcon_core.shell:Creating environment hook '/home/qadeem/control/ros2_ws/install/rfbl_controller/share/rfbl_controller/hook/pythonpath.sh'
[6.391s] Level 1:colcon.colcon_core.environment:checking '/home/qadeem/control/ros2_ws/install/rfbl_controller/bin'
[6.391s] Level 1:colcon.colcon_core.environment:create_environment_scripts_only(rfbl_controller)
[6.392s] INFO:colcon.colcon_core.shell:Creating package script '/home/qadeem/control/ros2_ws/install/rfbl_controller/share/rfbl_controller/package.ps1'
[6.393s] INFO:colcon.colcon_core.shell:Creating package descriptor '/home/qadeem/control/ros2_ws/install/rfbl_controller/share/rfbl_controller/package.dsv'
[6.393s] INFO:colcon.colcon_core.shell:Creating package script '/home/qadeem/control/ros2_ws/install/rfbl_controller/share/rfbl_controller/package.sh'
[6.394s] INFO:colcon.colcon_core.shell:Creating package script '/home/qadeem/control/ros2_ws/install/rfbl_controller/share/rfbl_controller/package.bash'
[6.395s] INFO:colcon.colcon_core.shell:Creating package script '/home/qadeem/control/ros2_ws/install/rfbl_controller/share/rfbl_controller/package.zsh'
[6.396s] Level 1:colcon.colcon_core.environment:create_file_with_runtime_dependencies(/home/qadeem/control/ros2_ws/install/rfbl_controller/share/colcon-core/packages/rfbl_controller)
[6.397s] DEBUG:colcon.colcon_parallel_executor.executor.parallel:closing loop
[6.397s] DEBUG:colcon.colcon_parallel_executor.executor.parallel:loop closed
[6.397s] DEBUG:colcon.colcon_parallel_executor.executor.parallel:run_until_complete finished with '0'
[6.397s] DEBUG:colcon.colcon_core.event_reactor:joining thread
[6.429s] INFO:colcon.colcon_core.plugin_system:Skipping extension 'colcon_notification.desktop_notification.terminal_notifier': Not used on non-Darwin systems
[6.429s] INFO:colcon.colcon_core.plugin_system:Skipping extension 'colcon_notification.desktop_notification.win32': Not used on non-Windows systems
[6.429s] INFO:colcon.colcon_notification.desktop_notification:Sending desktop notification using 'notify2'
[6.443s] DEBUG:colcon.colcon_core.event_reactor:joined thread
[6.444s] INFO:colcon.colcon_core.shell:Creating prefix script '/home/qadeem/control/ros2_ws/install/local_setup.ps1'
[6.446s] INFO:colcon.colcon_core.shell:Creating prefix util module '/home/qadeem/control/ros2_ws/install/_local_setup_util_ps1.py'
[6.450s] INFO:colcon.colcon_core.shell:Creating prefix chain script '/home/qadeem/control/ros2_ws/install/setup.ps1'
[6.452s] INFO:colcon.colcon_core.shell:Creating prefix script '/home/qadeem/control/ros2_ws/install/local_setup.sh'
[6.452s] INFO:colcon.colcon_core.shell:Creating prefix util module '/home/qadeem/control/ros2_ws/install/_local_setup_util_sh.py'
[6.453s] INFO:colcon.colcon_core.shell:Creating prefix chain script '/home/qadeem/control/ros2_ws/install/setup.sh'
[6.455s] INFO:colcon.colcon_core.shell:Creating prefix script '/home/qadeem/control/ros2_ws/install/local_setup.bash'
[6.455s] INFO:colcon.colcon_core.shell:Creating prefix chain script '/home/qadeem/control/ros2_ws/install/setup.bash'
[6.457s] INFO:colcon.colcon_core.shell:Creating prefix script '/home/qadeem/control/ros2_ws/install/local_setup.zsh'
[6.458s] INFO:colcon.colcon_core.shell:Creating prefix chain script '/home/qadeem/control/ros2_ws/install/setup.zsh'
